#
# There is insufficient memory for the Java Runtime Environment to continue.
# Native memory allocation (malloc) failed to allocate 32744 bytes for ChunkPool::allocate
# Possible reasons:
#   The system is out of physical RAM or swap space
#   The process is running with CompressedOops enabled, and the Java Heap may be blocking the growth of the native heap
# Possible solutions:
#   Reduce memory load on the system
#   Increase physical memory or swap space
#   Check if swap backing store is full
#   Decrease Java heap size (-Xmx/-Xms)
#   Decrease number of Java threads
#   Decrease Java thread stack sizes (-Xss)
#   Set larger code cache with -XX:ReservedCodeCacheSize=
#   JVM is running with Zero Based Compressed Oops mode in which the Java heap is
#     placed in the first 32GB address space. The Java Heap base address is the
#     maximum limit for the native heap growth. Please use -XX:HeapBaseMinAddress
#     to set the Java Heap base and to place the Java Heap above 32GB virtual address.
# This output file may be truncated or incomplete.
#
#  Out of Memory Error (arena.cpp:81), pid=34120, tid=28224
#
# JRE version: OpenJDK Runtime Environment Corretto-11.0.22.7.1 (11.0.22+7) (build 11.0.22+7-LTS)
# Java VM: OpenJDK 64-Bit Server VM Corretto-11.0.22.7.1 (11.0.22+7-LTS, mixed mode, tiered, compressed oops, g1 gc, windows-amd64)
# No core dump will be written. Minidumps are not enabled by default on client versions of Windows
#

---------------  S U M M A R Y ------------

Command Line: -Dkobweb.version=0.9.13 C:\Users\danie\Desktop\andr\kobweb-0.9.13\bin\..\lib\kobweb-0.9.13-all.jar run

Host: AMD Ryzen 5 5600H with Radeon Graphics         , 12 cores, 13G,  Windows 10 , 64 bit Build 19041 (10.0.19041.3636)
Time: Fri Jan 19 12:01:40 2024 Central Europe Standard Time elapsed time: 404.979489 seconds (0d 0h 6m 44s)

---------------  T H R E A D  ---------------

Current thread (0x000001caa34ca000):  JavaThread "C1 CompilerThread0" daemon [_thread_in_native, id=28224, stack(0x0000002939100000,0x0000002939200000)]


Current CompileTask:
C1: 404979 3581 % !   3       kotlinx.coroutines.DefaultExecutor::run @ 71 (302 bytes)

Stack: [0x0000002939100000,0x0000002939200000]
Native frames: (J=compiled Java code, j=interpreted, Vv=VM code, C=native code)
V  [jvm.dll+0x64585a]
V  [jvm.dll+0x7d9bb9]
V  [jvm.dll+0x7db2b9]
V  [jvm.dll+0x7db9a3]
V  [jvm.dll+0x2694e5]
V  [jvm.dll+0xc1fdf]
V  [jvm.dll+0xc232c]
V  [jvm.dll+0xce0ca]
V  [jvm.dll+0x1758f0]
V  [jvm.dll+0x16c1c8]
V  [jvm.dll+0x168c0e]
V  [jvm.dll+0x1552d0]
V  [jvm.dll+0x13c659]
V  [jvm.dll+0x13bf8f]
V  [jvm.dll+0x13c1c4]
V  [jvm.dll+0x13b512]
V  [jvm.dll+0x13d3ac]
V  [jvm.dll+0x2305e9]
V  [jvm.dll+0x22e75f]
V  [jvm.dll+0x79ae51]
V  [jvm.dll+0x793b24]
V  [jvm.dll+0x644615]
C  [ucrtbase.dll+0x21bb2]
C  [KERNEL32.DLL+0x17344]
C  [ntdll.dll+0x526b1]


---------------  P R O C E S S  ---------------

Threads class SMR info:
_java_thread_list=0x000001caa54bd900, length=23, elements={
0x000001caf9cd8800, 0x000001caa34c6000, 0x000001caa34c7800, 0x000001caa3dbb800,
0x000001caa3dbd800, 0x000001caa3dbf000, 0x000001caa3dca000, 0x000001caa34ca000,
0x000001caa3de1000, 0x000001caa3f3f800, 0x000001caa44a5000, 0x000001caa44a5800,
0x000001caa44c1000, 0x000001caa46a2800, 0x000001caa5476800, 0x000001caa53e8000,
0x000001caa54fd800, 0x000001caa54fe800, 0x000001caa5473000, 0x000001caa5470800,
0x000001caa5471000, 0x000001caa5472000, 0x000001caa558b000
}

Java Threads: ( => current thread )
  0x000001caf9cd8800 JavaThread "main" [_thread_blocked, id=34248, stack(0x0000002938400000,0x0000002938500000)]
  0x000001caa34c6000 JavaThread "Reference Handler" daemon [_thread_blocked, id=31992, stack(0x0000002938b00000,0x0000002938c00000)]
  0x000001caa34c7800 JavaThread "Finalizer" daemon [_thread_blocked, id=32980, stack(0x0000002938c00000,0x0000002938d00000)]
  0x000001caa3dbb800 JavaThread "Signal Dispatcher" daemon [_thread_blocked, id=22004, stack(0x0000002938d00000,0x0000002938e00000)]
  0x000001caa3dbd800 JavaThread "Attach Listener" daemon [_thread_blocked, id=32152, stack(0x0000002938e00000,0x0000002938f00000)]
  0x000001caa3dbf000 JavaThread "Service Thread" daemon [_thread_blocked, id=19432, stack(0x0000002938f00000,0x0000002939000000)]
  0x000001caa3dca000 JavaThread "C2 CompilerThread0" daemon [_thread_blocked, id=13016, stack(0x0000002939000000,0x0000002939100000)]
=>0x000001caa34ca000 JavaThread "C1 CompilerThread0" daemon [_thread_in_native, id=28224, stack(0x0000002939100000,0x0000002939200000)]
  0x000001caa3de1000 JavaThread "Sweeper thread" daemon [_thread_blocked, id=3616, stack(0x0000002939200000,0x0000002939300000)]
  0x000001caa3f3f800 JavaThread "Common-Cleaner" daemon [_thread_blocked, id=11964, stack(0x0000002939400000,0x0000002939500000)]
  0x000001caa44a5000 JavaThread "DefaultDispatcher-worker-1" daemon [_thread_blocked, id=30432, stack(0x0000002939500000,0x0000002939600000)]
  0x000001caa44a5800 JavaThread "DefaultDispatcher-worker-2" daemon [_thread_blocked, id=28860, stack(0x0000002939600000,0x0000002939700000)]
  0x000001caa44c1000 JavaThread "DefaultDispatcher-worker-3" daemon [_thread_blocked, id=26416, stack(0x0000002939700000,0x0000002939800000)]
  0x000001caa46a2800 JavaThread "WindowsStreamPump" daemon [_thread_in_native, id=33156, stack(0x0000002939e00000,0x0000002939f00000)]
  0x000001caa5476800 JavaThread "Kotter Thread" daemon [_thread_blocked, id=35772, stack(0x0000002939d00000,0x0000002939e00000)]
  0x000001caa53e8000 JavaThread "kotlinx.coroutines.DefaultExecutor" daemon [_thread_blocked, id=12320, stack(0x0000002939c00000,0x0000002939d00000)]
  0x000001caa54fd800 JavaThread "DefaultDispatcher-worker-4" daemon [_thread_blocked, id=17168, stack(0x000000293a400000,0x000000293a500000)]
  0x000001caa54fe800 JavaThread "DefaultDispatcher-worker-5" daemon [_thread_blocked, id=30688, stack(0x000000293a500000,0x000000293a600000)]
  0x000001caa5473000 JavaThread "DefaultDispatcher-worker-6" daemon [_thread_blocked, id=37672, stack(0x000000293a600000,0x000000293a700000)]
  0x000001caa5470800 JavaThread "DefaultDispatcher-worker-7" daemon [_thread_blocked, id=16492, stack(0x000000293a700000,0x000000293a800000)]
  0x000001caa5471000 JavaThread "DefaultDispatcher-worker-8" daemon [_thread_blocked, id=30064, stack(0x000000293a800000,0x000000293a900000)]
  0x000001caa5472000 JavaThread "DefaultDispatcher-worker-9" daemon [_thread_blocked, id=29208, stack(0x000000293a900000,0x000000293aa00000)]
  0x000001caa558b000 JavaThread "DefaultDispatcher-worker-10" daemon [_thread_blocked, id=34904, stack(0x000000293aa00000,0x000000293ab00000)]

Other Threads:
  0x000001caa34b3800 VMThread "VM Thread" [stack: 0x0000002938a00000,0x0000002938b00000] [id=28504]
  0x000001caa3f3a000 WatcherThread [stack: 0x0000002939300000,0x0000002939400000] [id=26388]
  0x000001caf9cef800 GCTaskThread "GC Thread#0" [stack: 0x0000002938500000,0x0000002938600000] [id=6716]
  0x000001caa4657000 GCTaskThread "GC Thread#1" [stack: 0x0000002939800000,0x0000002939900000] [id=4580]
  0x000001caa4657800 GCTaskThread "GC Thread#2" [stack: 0x0000002939900000,0x0000002939a00000] [id=30124]
  0x000001caa4658800 GCTaskThread "GC Thread#3" [stack: 0x0000002939a00000,0x0000002939b00000] [id=10560]
  0x000001caa4659800 GCTaskThread "GC Thread#4" [stack: 0x0000002939b00000,0x0000002939c00000] [id=19816]
  0x000001caf9d44800 ConcurrentGCThread "G1 Main Marker" [stack: 0x0000002938600000,0x0000002938700000] [id=28660]
  0x000001caf9d46000 ConcurrentGCThread "G1 Conc#0" [stack: 0x0000002938700000,0x0000002938800000] [id=26084]
  0x000001caa53e9800 ConcurrentGCThread "G1 Conc#1" [stack: 0x000000293a200000,0x000000293a300000] [id=27528]
  0x000001caa569c800 ConcurrentGCThread "G1 Conc#2" [stack: 0x000000293a300000,0x000000293a400000] [id=6820]
  0x000001caa3399800 ConcurrentGCThread "G1 Refine#0" [stack: 0x0000002938800000,0x0000002938900000] [id=17228]
  0x000001caa339a800 ConcurrentGCThread "G1 Young RemSet Sampling" [stack: 0x0000002938900000,0x0000002938a00000] [id=31880]

Threads with active compile tasks:
C1 CompilerThread0   405083 3581 % !   3       kotlinx.coroutines.DefaultExecutor::run @ 71 (302 bytes)

VM state:not at safepoint (normal execution)

VM Mutex/Monitor currently owned by a thread: None

Heap address: 0x0000000722400000, size: 3548 MB, Compressed Oops mode: Zero based, Oop shift amount: 3
Narrow klass base: 0x0000000800000000, Narrow klass shift: 0
Compressed class space size: 1073741824 Address: 0x0000000800000000

Heap:
 garbage-first heap   total 227328K, used 109151K [0x0000000722400000, 0x0000000800000000)
  region size 1024K, 97 young (99328K), 12 survivors (12288K)
 Metaspace       used 35340K, capacity 35910K, committed 36224K, reserved 1081344K
  class space    used 4036K, capacity 4238K, committed 4352K, reserved 1048576K
Heap Regions: E=young(eden), S=young(survivor), O=old, HS=humongous(starts), HC=humongous(continues), CS=collection set, F=free, A=archive, TAMS=top-at-mark-start (previous, next)
|   0|0x0000000722400000, 0x0000000722500000, 0x0000000722500000|100%| O|  |TAMS 0x0000000722500000, 0x0000000722400000| Untracked 
|   1|0x0000000722500000, 0x0000000722600000, 0x0000000722600000|100%|HS|  |TAMS 0x0000000722600000, 0x0000000722500000| Complete 
|   2|0x0000000722600000, 0x0000000722700000, 0x0000000722700000|100%| O|  |TAMS 0x0000000722700000, 0x0000000722600000| Untracked 
|   3|0x0000000722700000, 0x0000000722800000, 0x0000000722800000|100%| O|  |TAMS 0x0000000722800000, 0x0000000722700000| Untracked 
|   4|0x0000000722800000, 0x0000000722900000, 0x0000000722900000|100%|HS|  |TAMS 0x0000000722900000, 0x0000000722800000| Complete 
|   5|0x0000000722900000, 0x0000000722a00000, 0x0000000722a00000|100%|HC|  |TAMS 0x0000000722a00000, 0x0000000722900000| Complete 
|   6|0x0000000722a00000, 0x0000000722b00000, 0x0000000722b00000|100%|HC|  |TAMS 0x0000000722b00000, 0x0000000722a00000| Complete 
|   7|0x0000000722b00000, 0x0000000722c00000, 0x0000000722c00000|100%|HC|  |TAMS 0x0000000722c00000, 0x0000000722b00000| Complete 
|   8|0x0000000722c00000, 0x0000000722d00000, 0x0000000722d00000|100%| O|  |TAMS 0x0000000722d00000, 0x0000000722c00000| Untracked 
|   9|0x0000000722d00000, 0x0000000722e00000, 0x0000000722e00000|100%| O|  |TAMS 0x0000000722e00000, 0x0000000722d00000| Untracked 
|  10|0x0000000722e00000, 0x0000000722eac400, 0x0000000722f00000| 67%| O|  |TAMS 0x0000000722eac400, 0x0000000722e00000| Untracked 
|  11|0x0000000722f00000, 0x0000000722f00000, 0x0000000723000000|  0%| F|  |TAMS 0x0000000722f00000, 0x0000000722f00000| Untracked 
|  12|0x0000000723000000, 0x0000000723000000, 0x0000000723100000|  0%| F|  |TAMS 0x0000000723000000, 0x0000000723000000| Untracked 
|  13|0x0000000723100000, 0x0000000723100000, 0x0000000723200000|  0%| F|  |TAMS 0x0000000723100000, 0x0000000723100000| Untracked 
|  14|0x0000000723200000, 0x0000000723200000, 0x0000000723300000|  0%| F|  |TAMS 0x0000000723200000, 0x0000000723200000| Untracked 
|  15|0x0000000723300000, 0x0000000723300000, 0x0000000723400000|  0%| F|  |TAMS 0x0000000723300000, 0x0000000723300000| Untracked 
|  16|0x0000000723400000, 0x0000000723400000, 0x0000000723500000|  0%| F|  |TAMS 0x0000000723400000, 0x0000000723400000| Untracked 
|  17|0x0000000723500000, 0x0000000723500000, 0x0000000723600000|  0%| F|  |TAMS 0x0000000723500000, 0x0000000723500000| Untracked 
|  18|0x0000000723600000, 0x0000000723600000, 0x0000000723700000|  0%| F|  |TAMS 0x0000000723600000, 0x0000000723600000| Untracked 
|  19|0x0000000723700000, 0x0000000723700000, 0x0000000723800000|  0%| F|  |TAMS 0x0000000723700000, 0x0000000723700000| Untracked 
|  20|0x0000000723800000, 0x0000000723800000, 0x0000000723900000|  0%| F|  |TAMS 0x0000000723800000, 0x0000000723800000| Untracked 
|  21|0x0000000723900000, 0x0000000723900000, 0x0000000723a00000|  0%| F|  |TAMS 0x0000000723900000, 0x0000000723900000| Untracked 
|  22|0x0000000723a00000, 0x0000000723a00000, 0x0000000723b00000|  0%| F|  |TAMS 0x0000000723a00000, 0x0000000723a00000| Untracked 
|  23|0x0000000723b00000, 0x0000000723b00000, 0x0000000723c00000|  0%| F|  |TAMS 0x0000000723b00000, 0x0000000723b00000| Untracked 
|  24|0x0000000723c00000, 0x0000000723c00000, 0x0000000723d00000|  0%| F|  |TAMS 0x0000000723c00000, 0x0000000723c00000| Untracked 
|  25|0x0000000723d00000, 0x0000000723d00000, 0x0000000723e00000|  0%| F|  |TAMS 0x0000000723d00000, 0x0000000723d00000| Untracked 
|  26|0x0000000723e00000, 0x0000000723e00000, 0x0000000723f00000|  0%| F|  |TAMS 0x0000000723e00000, 0x0000000723e00000| Untracked 
|  27|0x0000000723f00000, 0x0000000723f00000, 0x0000000724000000|  0%| F|  |TAMS 0x0000000723f00000, 0x0000000723f00000| Untracked 
|  28|0x0000000724000000, 0x0000000724000000, 0x0000000724100000|  0%| F|  |TAMS 0x0000000724000000, 0x0000000724000000| Untracked 
|  29|0x0000000724100000, 0x0000000724100000, 0x0000000724200000|  0%| F|  |TAMS 0x0000000724100000, 0x0000000724100000| Untracked 
|  30|0x0000000724200000, 0x0000000724200000, 0x0000000724300000|  0%| F|  |TAMS 0x0000000724200000, 0x0000000724200000| Untracked 
|  31|0x0000000724300000, 0x0000000724300000, 0x0000000724400000|  0%| F|  |TAMS 0x0000000724300000, 0x0000000724300000| Untracked 
|  32|0x0000000724400000, 0x0000000724400000, 0x0000000724500000|  0%| F|  |TAMS 0x0000000724400000, 0x0000000724400000| Untracked 
|  33|0x0000000724500000, 0x0000000724500000, 0x0000000724600000|  0%| F|  |TAMS 0x0000000724500000, 0x0000000724500000| Untracked 
|  34|0x0000000724600000, 0x0000000724600000, 0x0000000724700000|  0%| F|  |TAMS 0x0000000724600000, 0x0000000724600000| Untracked 
|  35|0x0000000724700000, 0x0000000724700000, 0x0000000724800000|  0%| F|  |TAMS 0x0000000724700000, 0x0000000724700000| Untracked 
|  36|0x0000000724800000, 0x0000000724800000, 0x0000000724900000|  0%| F|  |TAMS 0x0000000724800000, 0x0000000724800000| Untracked 
|  37|0x0000000724900000, 0x0000000724900000, 0x0000000724a00000|  0%| F|  |TAMS 0x0000000724900000, 0x0000000724900000| Untracked 
|  38|0x0000000724a00000, 0x0000000724a00000, 0x0000000724b00000|  0%| F|  |TAMS 0x0000000724a00000, 0x0000000724a00000| Untracked 
|  39|0x0000000724b00000, 0x0000000724b00000, 0x0000000724c00000|  0%| F|  |TAMS 0x0000000724b00000, 0x0000000724b00000| Untracked 
|  40|0x0000000724c00000, 0x0000000724c00000, 0x0000000724d00000|  0%| F|  |TAMS 0x0000000724c00000, 0x0000000724c00000| Untracked 
|  41|0x0000000724d00000, 0x0000000724d00000, 0x0000000724e00000|  0%| F|  |TAMS 0x0000000724d00000, 0x0000000724d00000| Untracked 
|  42|0x0000000724e00000, 0x0000000724e00000, 0x0000000724f00000|  0%| F|  |TAMS 0x0000000724e00000, 0x0000000724e00000| Untracked 
|  43|0x0000000724f00000, 0x0000000724f00000, 0x0000000725000000|  0%| F|  |TAMS 0x0000000724f00000, 0x0000000724f00000| Untracked 
|  44|0x0000000725000000, 0x0000000725000000, 0x0000000725100000|  0%| F|  |TAMS 0x0000000725000000, 0x0000000725000000| Untracked 
|  45|0x0000000725100000, 0x0000000725100000, 0x0000000725200000|  0%| F|  |TAMS 0x0000000725100000, 0x0000000725100000| Untracked 
|  46|0x0000000725200000, 0x0000000725200000, 0x0000000725300000|  0%| F|  |TAMS 0x0000000725200000, 0x0000000725200000| Untracked 
|  47|0x0000000725300000, 0x0000000725300000, 0x0000000725400000|  0%| F|  |TAMS 0x0000000725300000, 0x0000000725300000| Untracked 
|  48|0x0000000725400000, 0x0000000725400000, 0x0000000725500000|  0%| F|  |TAMS 0x0000000725400000, 0x0000000725400000| Untracked 
|  49|0x0000000725500000, 0x0000000725500000, 0x0000000725600000|  0%| F|  |TAMS 0x0000000725500000, 0x0000000725500000| Untracked 
|  50|0x0000000725600000, 0x0000000725600000, 0x0000000725700000|  0%| F|  |TAMS 0x0000000725600000, 0x0000000725600000| Untracked 
|  51|0x0000000725700000, 0x0000000725700000, 0x0000000725800000|  0%| F|  |TAMS 0x0000000725700000, 0x0000000725700000| Untracked 
|  52|0x0000000725800000, 0x0000000725800000, 0x0000000725900000|  0%| F|  |TAMS 0x0000000725800000, 0x0000000725800000| Untracked 
|  53|0x0000000725900000, 0x0000000725900000, 0x0000000725a00000|  0%| F|  |TAMS 0x0000000725900000, 0x0000000725900000| Untracked 
|  54|0x0000000725a00000, 0x0000000725a00000, 0x0000000725b00000|  0%| F|  |TAMS 0x0000000725a00000, 0x0000000725a00000| Untracked 
|  55|0x0000000725b00000, 0x0000000725b00000, 0x0000000725c00000|  0%| F|  |TAMS 0x0000000725b00000, 0x0000000725b00000| Untracked 
|  56|0x0000000725c00000, 0x0000000725c00000, 0x0000000725d00000|  0%| F|  |TAMS 0x0000000725c00000, 0x0000000725c00000| Untracked 
|  57|0x0000000725d00000, 0x0000000725d00000, 0x0000000725e00000|  0%| F|  |TAMS 0x0000000725d00000, 0x0000000725d00000| Untracked 
|  58|0x0000000725e00000, 0x0000000725e00000, 0x0000000725f00000|  0%| F|  |TAMS 0x0000000725e00000, 0x0000000725e00000| Untracked 
|  59|0x0000000725f00000, 0x0000000725f00000, 0x0000000726000000|  0%| F|  |TAMS 0x0000000725f00000, 0x0000000725f00000| Untracked 
|  60|0x0000000726000000, 0x0000000726000000, 0x0000000726100000|  0%| F|  |TAMS 0x0000000726000000, 0x0000000726000000| Untracked 
|  61|0x0000000726100000, 0x0000000726100000, 0x0000000726200000|  0%| F|  |TAMS 0x0000000726100000, 0x0000000726100000| Untracked 
|  62|0x0000000726200000, 0x0000000726200000, 0x0000000726300000|  0%| F|  |TAMS 0x0000000726200000, 0x0000000726200000| Untracked 
|  63|0x0000000726300000, 0x0000000726300000, 0x0000000726400000|  0%| F|  |TAMS 0x0000000726300000, 0x0000000726300000| Untracked 
|  64|0x0000000726400000, 0x0000000726400000, 0x0000000726500000|  0%| F|  |TAMS 0x0000000726400000, 0x0000000726400000| Untracked 
|  65|0x0000000726500000, 0x0000000726500000, 0x0000000726600000|  0%| F|  |TAMS 0x0000000726500000, 0x0000000726500000| Untracked 
|  66|0x0000000726600000, 0x0000000726600000, 0x0000000726700000|  0%| F|  |TAMS 0x0000000726600000, 0x0000000726600000| Untracked 
|  67|0x0000000726700000, 0x0000000726700000, 0x0000000726800000|  0%| F|  |TAMS 0x0000000726700000, 0x0000000726700000| Untracked 
|  68|0x0000000726800000, 0x0000000726800000, 0x0000000726900000|  0%| F|  |TAMS 0x0000000726800000, 0x0000000726800000| Untracked 
|  69|0x0000000726900000, 0x0000000726900000, 0x0000000726a00000|  0%| F|  |TAMS 0x0000000726900000, 0x0000000726900000| Untracked 
|  70|0x0000000726a00000, 0x0000000726a00000, 0x0000000726b00000|  0%| F|  |TAMS 0x0000000726a00000, 0x0000000726a00000| Untracked 
|  71|0x0000000726b00000, 0x0000000726b00000, 0x0000000726c00000|  0%| F|  |TAMS 0x0000000726b00000, 0x0000000726b00000| Untracked 
|  72|0x0000000726c00000, 0x0000000726c00000, 0x0000000726d00000|  0%| F|  |TAMS 0x0000000726c00000, 0x0000000726c00000| Untracked 
|  73|0x0000000726d00000, 0x0000000726d00000, 0x0000000726e00000|  0%| F|  |TAMS 0x0000000726d00000, 0x0000000726d00000| Untracked 
|  74|0x0000000726e00000, 0x0000000726e00000, 0x0000000726f00000|  0%| F|  |TAMS 0x0000000726e00000, 0x0000000726e00000| Untracked 
|  75|0x0000000726f00000, 0x0000000726f00000, 0x0000000727000000|  0%| F|  |TAMS 0x0000000726f00000, 0x0000000726f00000| Untracked 
|  76|0x0000000727000000, 0x0000000727000000, 0x0000000727100000|  0%| F|  |TAMS 0x0000000727000000, 0x0000000727000000| Untracked 
|  77|0x0000000727100000, 0x0000000727100000, 0x0000000727200000|  0%| F|  |TAMS 0x0000000727100000, 0x0000000727100000| Untracked 
|  78|0x0000000727200000, 0x0000000727200000, 0x0000000727300000|  0%| F|  |TAMS 0x0000000727200000, 0x0000000727200000| Untracked 
|  79|0x0000000727300000, 0x0000000727300000, 0x0000000727400000|  0%| F|  |TAMS 0x0000000727300000, 0x0000000727300000| Untracked 
|  80|0x0000000727400000, 0x0000000727400000, 0x0000000727500000|  0%| F|  |TAMS 0x0000000727400000, 0x0000000727400000| Untracked 
|  81|0x0000000727500000, 0x0000000727500000, 0x0000000727600000|  0%| F|  |TAMS 0x0000000727500000, 0x0000000727500000| Untracked 
|  82|0x0000000727600000, 0x0000000727600000, 0x0000000727700000|  0%| F|  |TAMS 0x0000000727600000, 0x0000000727600000| Untracked 
|  83|0x0000000727700000, 0x0000000727700000, 0x0000000727800000|  0%| F|  |TAMS 0x0000000727700000, 0x0000000727700000| Untracked 
|  84|0x0000000727800000, 0x0000000727800000, 0x0000000727900000|  0%| F|  |TAMS 0x0000000727800000, 0x0000000727800000| Untracked 
|  85|0x0000000727900000, 0x0000000727900000, 0x0000000727a00000|  0%| F|  |TAMS 0x0000000727900000, 0x0000000727900000| Untracked 
|  86|0x0000000727a00000, 0x0000000727a00000, 0x0000000727b00000|  0%| F|  |TAMS 0x0000000727a00000, 0x0000000727a00000| Untracked 
|  87|0x0000000727b00000, 0x0000000727b00000, 0x0000000727c00000|  0%| F|  |TAMS 0x0000000727b00000, 0x0000000727b00000| Untracked 
|  88|0x0000000727c00000, 0x0000000727c00000, 0x0000000727d00000|  0%| F|  |TAMS 0x0000000727c00000, 0x0000000727c00000| Untracked 
|  89|0x0000000727d00000, 0x0000000727d00000, 0x0000000727e00000|  0%| F|  |TAMS 0x0000000727d00000, 0x0000000727d00000| Untracked 
|  90|0x0000000727e00000, 0x0000000727e00000, 0x0000000727f00000|  0%| F|  |TAMS 0x0000000727e00000, 0x0000000727e00000| Untracked 
|  91|0x0000000727f00000, 0x0000000727f00000, 0x0000000728000000|  0%| F|  |TAMS 0x0000000727f00000, 0x0000000727f00000| Untracked 
|  92|0x0000000728000000, 0x0000000728000000, 0x0000000728100000|  0%| F|  |TAMS 0x0000000728000000, 0x0000000728000000| Untracked 
|  93|0x0000000728100000, 0x00000007281ebb40, 0x0000000728200000| 92%| S|CS|TAMS 0x0000000728100000, 0x0000000728100000| Complete 
|  94|0x0000000728200000, 0x0000000728300000, 0x0000000728300000|100%| S|CS|TAMS 0x0000000728200000, 0x0000000728200000| Complete 
|  95|0x0000000728300000, 0x0000000728400000, 0x0000000728400000|100%| S|CS|TAMS 0x0000000728300000, 0x0000000728300000| Complete 
|  96|0x0000000728400000, 0x0000000728500000, 0x0000000728500000|100%| S|CS|TAMS 0x0000000728400000, 0x0000000728400000| Complete 
|  97|0x0000000728500000, 0x0000000728600000, 0x0000000728600000|100%| S|CS|TAMS 0x0000000728500000, 0x0000000728500000| Complete 
|  98|0x0000000728600000, 0x0000000728700000, 0x0000000728700000|100%| S|CS|TAMS 0x0000000728600000, 0x0000000728600000| Complete 
|  99|0x0000000728700000, 0x0000000728800000, 0x0000000728800000|100%| S|CS|TAMS 0x0000000728700000, 0x0000000728700000| Complete 
| 100|0x0000000728800000, 0x0000000728900000, 0x0000000728900000|100%| S|CS|TAMS 0x0000000728800000, 0x0000000728800000| Complete 
| 101|0x0000000728900000, 0x0000000728a00000, 0x0000000728a00000|100%| S|CS|TAMS 0x0000000728900000, 0x0000000728900000| Complete 
| 102|0x0000000728a00000, 0x0000000728b00000, 0x0000000728b00000|100%| S|CS|TAMS 0x0000000728a00000, 0x0000000728a00000| Complete 
| 103|0x0000000728b00000, 0x0000000728c00000, 0x0000000728c00000|100%| S|CS|TAMS 0x0000000728b00000, 0x0000000728b00000| Complete 
| 104|0x0000000728c00000, 0x0000000728d00000, 0x0000000728d00000|100%| S|CS|TAMS 0x0000000728c00000, 0x0000000728c00000| Complete 
| 105|0x0000000728d00000, 0x0000000728d00000, 0x0000000728e00000|  0%| F|  |TAMS 0x0000000728d00000, 0x0000000728d00000| Untracked 
| 106|0x0000000728e00000, 0x0000000728e00000, 0x0000000728f00000|  0%| F|  |TAMS 0x0000000728e00000, 0x0000000728e00000| Untracked 
| 107|0x0000000728f00000, 0x0000000728f00000, 0x0000000729000000|  0%| F|  |TAMS 0x0000000728f00000, 0x0000000728f00000| Untracked 
| 108|0x0000000729000000, 0x0000000729000000, 0x0000000729100000|  0%| F|  |TAMS 0x0000000729000000, 0x0000000729000000| Untracked 
| 109|0x0000000729100000, 0x0000000729100000, 0x0000000729200000|  0%| F|  |TAMS 0x0000000729100000, 0x0000000729100000| Untracked 
| 110|0x0000000729200000, 0x0000000729200000, 0x0000000729300000|  0%| F|  |TAMS 0x0000000729200000, 0x0000000729200000| Untracked 
| 111|0x0000000729300000, 0x0000000729300000, 0x0000000729400000|  0%| F|  |TAMS 0x0000000729300000, 0x0000000729300000| Untracked 
| 112|0x0000000729400000, 0x0000000729400000, 0x0000000729500000|  0%| F|  |TAMS 0x0000000729400000, 0x0000000729400000| Untracked 
| 113|0x0000000729500000, 0x0000000729500000, 0x0000000729600000|  0%| F|  |TAMS 0x0000000729500000, 0x0000000729500000| Untracked 
| 114|0x0000000729600000, 0x0000000729600000, 0x0000000729700000|  0%| F|  |TAMS 0x0000000729600000, 0x0000000729600000| Untracked 
| 115|0x0000000729700000, 0x0000000729700000, 0x0000000729800000|  0%| F|  |TAMS 0x0000000729700000, 0x0000000729700000| Untracked 
| 116|0x0000000729800000, 0x0000000729800000, 0x0000000729900000|  0%| F|  |TAMS 0x0000000729800000, 0x0000000729800000| Untracked 
| 117|0x0000000729900000, 0x0000000729900000, 0x0000000729a00000|  0%| F|  |TAMS 0x0000000729900000, 0x0000000729900000| Untracked 
| 118|0x0000000729a00000, 0x0000000729a00000, 0x0000000729b00000|  0%| F|  |TAMS 0x0000000729a00000, 0x0000000729a00000| Untracked 
| 119|0x0000000729b00000, 0x0000000729b00000, 0x0000000729c00000|  0%| F|  |TAMS 0x0000000729b00000, 0x0000000729b00000| Untracked 
| 120|0x0000000729c00000, 0x0000000729c00000, 0x0000000729d00000|  0%| F|  |TAMS 0x0000000729c00000, 0x0000000729c00000| Untracked 
| 121|0x0000000729d00000, 0x0000000729d00000, 0x0000000729e00000|  0%| F|  |TAMS 0x0000000729d00000, 0x0000000729d00000| Untracked 
| 122|0x0000000729e00000, 0x0000000729e00000, 0x0000000729f00000|  0%| F|  |TAMS 0x0000000729e00000, 0x0000000729e00000| Untracked 
| 123|0x0000000729f00000, 0x0000000729f00000, 0x000000072a000000|  0%| F|  |TAMS 0x0000000729f00000, 0x0000000729f00000| Untracked 
| 124|0x000000072a000000, 0x000000072a000000, 0x000000072a100000|  0%| F|  |TAMS 0x000000072a000000, 0x000000072a000000| Untracked 
| 125|0x000000072a100000, 0x000000072a100000, 0x000000072a200000|  0%| F|  |TAMS 0x000000072a100000, 0x000000072a100000| Untracked 
| 126|0x000000072a200000, 0x000000072a200000, 0x000000072a300000|  0%| F|  |TAMS 0x000000072a200000, 0x000000072a200000| Untracked 
| 127|0x000000072a300000, 0x000000072a300000, 0x000000072a400000|  0%| F|  |TAMS 0x000000072a300000, 0x000000072a300000| Untracked 
| 128|0x000000072a400000, 0x000000072a400000, 0x000000072a500000|  0%| F|  |TAMS 0x000000072a400000, 0x000000072a400000| Untracked 
| 129|0x000000072a500000, 0x000000072a500000, 0x000000072a600000|  0%| F|  |TAMS 0x000000072a500000, 0x000000072a500000| Untracked 
| 130|0x000000072a600000, 0x000000072a600000, 0x000000072a700000|  0%| F|  |TAMS 0x000000072a600000, 0x000000072a600000| Untracked 
| 131|0x000000072a700000, 0x000000072a700000, 0x000000072a800000|  0%| F|  |TAMS 0x000000072a700000, 0x000000072a700000| Untracked 
| 132|0x000000072a800000, 0x000000072a800000, 0x000000072a900000|  0%| F|  |TAMS 0x000000072a800000, 0x000000072a800000| Untracked 
| 133|0x000000072a900000, 0x000000072a900000, 0x000000072aa00000|  0%| F|  |TAMS 0x000000072a900000, 0x000000072a900000| Untracked 
| 134|0x000000072aa00000, 0x000000072aa00000, 0x000000072ab00000|  0%| F|  |TAMS 0x000000072aa00000, 0x000000072aa00000| Untracked 
| 135|0x000000072ab00000, 0x000000072ab00000, 0x000000072ac00000|  0%| F|  |TAMS 0x000000072ab00000, 0x000000072ab00000| Untracked 
| 136|0x000000072ac00000, 0x000000072ac00000, 0x000000072ad00000|  0%| F|  |TAMS 0x000000072ac00000, 0x000000072ac00000| Untracked 
| 137|0x000000072ad00000, 0x000000072ae00000, 0x000000072ae00000|100%| E|  |TAMS 0x000000072ad00000, 0x000000072ad00000| Complete 
| 138|0x000000072ae00000, 0x000000072af00000, 0x000000072af00000|100%| E|CS|TAMS 0x000000072ae00000, 0x000000072ae00000| Complete 
| 139|0x000000072af00000, 0x000000072b000000, 0x000000072b000000|100%| E|CS|TAMS 0x000000072af00000, 0x000000072af00000| Complete 
| 140|0x000000072b000000, 0x000000072b100000, 0x000000072b100000|100%| E|CS|TAMS 0x000000072b000000, 0x000000072b000000| Complete 
| 141|0x000000072b100000, 0x000000072b200000, 0x000000072b200000|100%| E|CS|TAMS 0x000000072b100000, 0x000000072b100000| Complete 
| 142|0x000000072b200000, 0x000000072b300000, 0x000000072b300000|100%| E|CS|TAMS 0x000000072b200000, 0x000000072b200000| Complete 
| 143|0x000000072b300000, 0x000000072b400000, 0x000000072b400000|100%| E|CS|TAMS 0x000000072b300000, 0x000000072b300000| Complete 
| 144|0x000000072b400000, 0x000000072b500000, 0x000000072b500000|100%| E|CS|TAMS 0x000000072b400000, 0x000000072b400000| Complete 
| 145|0x000000072b500000, 0x000000072b600000, 0x000000072b600000|100%| E|CS|TAMS 0x000000072b500000, 0x000000072b500000| Complete 
| 146|0x000000072b600000, 0x000000072b700000, 0x000000072b700000|100%| E|CS|TAMS 0x000000072b600000, 0x000000072b600000| Complete 
| 147|0x000000072b700000, 0x000000072b800000, 0x000000072b800000|100%| E|CS|TAMS 0x000000072b700000, 0x000000072b700000| Complete 
| 148|0x000000072b800000, 0x000000072b900000, 0x000000072b900000|100%| E|CS|TAMS 0x000000072b800000, 0x000000072b800000| Complete 
| 149|0x000000072b900000, 0x000000072ba00000, 0x000000072ba00000|100%| E|CS|TAMS 0x000000072b900000, 0x000000072b900000| Complete 
| 150|0x000000072ba00000, 0x000000072bb00000, 0x000000072bb00000|100%| E|CS|TAMS 0x000000072ba00000, 0x000000072ba00000| Complete 
| 151|0x000000072bb00000, 0x000000072bc00000, 0x000000072bc00000|100%| E|CS|TAMS 0x000000072bb00000, 0x000000072bb00000| Complete 
| 152|0x000000072bc00000, 0x000000072bd00000, 0x000000072bd00000|100%| E|CS|TAMS 0x000000072bc00000, 0x000000072bc00000| Complete 
| 153|0x000000072bd00000, 0x000000072be00000, 0x000000072be00000|100%| E|CS|TAMS 0x000000072bd00000, 0x000000072bd00000| Complete 
| 154|0x000000072be00000, 0x000000072bf00000, 0x000000072bf00000|100%| E|CS|TAMS 0x000000072be00000, 0x000000072be00000| Complete 
| 155|0x000000072bf00000, 0x000000072c000000, 0x000000072c000000|100%| E|CS|TAMS 0x000000072bf00000, 0x000000072bf00000| Complete 
| 156|0x000000072c000000, 0x000000072c100000, 0x000000072c100000|100%| E|CS|TAMS 0x000000072c000000, 0x000000072c000000| Complete 
| 157|0x000000072c100000, 0x000000072c200000, 0x000000072c200000|100%| E|CS|TAMS 0x000000072c100000, 0x000000072c100000| Complete 
| 158|0x000000072c200000, 0x000000072c300000, 0x000000072c300000|100%| E|CS|TAMS 0x000000072c200000, 0x000000072c200000| Complete 
| 159|0x000000072c300000, 0x000000072c400000, 0x000000072c400000|100%| E|CS|TAMS 0x000000072c300000, 0x000000072c300000| Complete 
| 160|0x000000072c400000, 0x000000072c500000, 0x000000072c500000|100%| E|CS|TAMS 0x000000072c400000, 0x000000072c400000| Complete 
| 161|0x000000072c500000, 0x000000072c600000, 0x000000072c600000|100%| E|CS|TAMS 0x000000072c500000, 0x000000072c500000| Complete 
| 162|0x000000072c600000, 0x000000072c700000, 0x000000072c700000|100%| E|CS|TAMS 0x000000072c600000, 0x000000072c600000| Complete 
| 163|0x000000072c700000, 0x000000072c800000, 0x000000072c800000|100%| E|CS|TAMS 0x000000072c700000, 0x000000072c700000| Complete 
| 164|0x000000072c800000, 0x000000072c900000, 0x000000072c900000|100%| E|CS|TAMS 0x000000072c800000, 0x000000072c800000| Complete 
| 165|0x000000072c900000, 0x000000072ca00000, 0x000000072ca00000|100%| E|CS|TAMS 0x000000072c900000, 0x000000072c900000| Complete 
| 166|0x000000072ca00000, 0x000000072cb00000, 0x000000072cb00000|100%| E|CS|TAMS 0x000000072ca00000, 0x000000072ca00000| Complete 
| 167|0x000000072cb00000, 0x000000072cc00000, 0x000000072cc00000|100%| E|CS|TAMS 0x000000072cb00000, 0x000000072cb00000| Complete 
| 168|0x000000072cc00000, 0x000000072cd00000, 0x000000072cd00000|100%| E|CS|TAMS 0x000000072cc00000, 0x000000072cc00000| Complete 
| 169|0x000000072cd00000, 0x000000072ce00000, 0x000000072ce00000|100%| E|CS|TAMS 0x000000072cd00000, 0x000000072cd00000| Complete 
| 170|0x000000072ce00000, 0x000000072cf00000, 0x000000072cf00000|100%| E|CS|TAMS 0x000000072ce00000, 0x000000072ce00000| Complete 
| 171|0x000000072cf00000, 0x000000072d000000, 0x000000072d000000|100%| E|CS|TAMS 0x000000072cf00000, 0x000000072cf00000| Complete 
| 172|0x000000072d000000, 0x000000072d100000, 0x000000072d100000|100%| E|CS|TAMS 0x000000072d000000, 0x000000072d000000| Complete 
| 173|0x000000072d100000, 0x000000072d200000, 0x000000072d200000|100%| E|CS|TAMS 0x000000072d100000, 0x000000072d100000| Complete 
| 174|0x000000072d200000, 0x000000072d300000, 0x000000072d300000|100%| E|CS|TAMS 0x000000072d200000, 0x000000072d200000| Complete 
| 175|0x000000072d300000, 0x000000072d400000, 0x000000072d400000|100%| E|CS|TAMS 0x000000072d300000, 0x000000072d300000| Complete 
| 176|0x000000072d400000, 0x000000072d500000, 0x000000072d500000|100%| E|CS|TAMS 0x000000072d400000, 0x000000072d400000| Complete 
| 177|0x000000072d500000, 0x000000072d600000, 0x000000072d600000|100%| E|CS|TAMS 0x000000072d500000, 0x000000072d500000| Complete 
| 178|0x000000072d600000, 0x000000072d700000, 0x000000072d700000|100%| E|CS|TAMS 0x000000072d600000, 0x000000072d600000| Complete 
| 179|0x000000072d700000, 0x000000072d800000, 0x000000072d800000|100%| E|CS|TAMS 0x000000072d700000, 0x000000072d700000| Complete 
| 180|0x000000072d800000, 0x000000072d900000, 0x000000072d900000|100%| E|CS|TAMS 0x000000072d800000, 0x000000072d800000| Complete 
| 181|0x000000072d900000, 0x000000072da00000, 0x000000072da00000|100%| E|CS|TAMS 0x000000072d900000, 0x000000072d900000| Complete 
| 182|0x000000072da00000, 0x000000072db00000, 0x000000072db00000|100%| E|CS|TAMS 0x000000072da00000, 0x000000072da00000| Complete 
| 183|0x000000072db00000, 0x000000072dc00000, 0x000000072dc00000|100%| E|CS|TAMS 0x000000072db00000, 0x000000072db00000| Complete 
| 184|0x000000072dc00000, 0x000000072dd00000, 0x000000072dd00000|100%| E|CS|TAMS 0x000000072dc00000, 0x000000072dc00000| Complete 
| 185|0x000000072dd00000, 0x000000072de00000, 0x000000072de00000|100%| E|CS|TAMS 0x000000072dd00000, 0x000000072dd00000| Complete 
| 186|0x000000072de00000, 0x000000072df00000, 0x000000072df00000|100%| E|CS|TAMS 0x000000072de00000, 0x000000072de00000| Complete 
| 187|0x000000072df00000, 0x000000072e000000, 0x000000072e000000|100%| E|CS|TAMS 0x000000072df00000, 0x000000072df00000| Complete 
| 188|0x000000072e000000, 0x000000072e100000, 0x000000072e100000|100%| E|CS|TAMS 0x000000072e000000, 0x000000072e000000| Complete 
| 189|0x000000072e100000, 0x000000072e200000, 0x000000072e200000|100%| E|CS|TAMS 0x000000072e100000, 0x000000072e100000| Complete 
| 190|0x000000072e200000, 0x000000072e300000, 0x000000072e300000|100%| E|CS|TAMS 0x000000072e200000, 0x000000072e200000| Complete 
| 191|0x000000072e300000, 0x000000072e400000, 0x000000072e400000|100%| E|CS|TAMS 0x000000072e300000, 0x000000072e300000| Complete 
| 192|0x000000072e400000, 0x000000072e500000, 0x000000072e500000|100%| E|CS|TAMS 0x000000072e400000, 0x000000072e400000| Complete 
| 193|0x000000072e500000, 0x000000072e600000, 0x000000072e600000|100%| E|CS|TAMS 0x000000072e500000, 0x000000072e500000| Complete 
| 194|0x000000072e600000, 0x000000072e700000, 0x000000072e700000|100%| E|CS|TAMS 0x000000072e600000, 0x000000072e600000| Complete 
| 195|0x000000072e700000, 0x000000072e800000, 0x000000072e800000|100%| E|CS|TAMS 0x000000072e700000, 0x000000072e700000| Complete 
| 196|0x000000072e800000, 0x000000072e900000, 0x000000072e900000|100%| E|CS|TAMS 0x000000072e800000, 0x000000072e800000| Complete 
| 197|0x000000072e900000, 0x000000072ea00000, 0x000000072ea00000|100%| E|CS|TAMS 0x000000072e900000, 0x000000072e900000| Complete 
| 198|0x000000072ea00000, 0x000000072eb00000, 0x000000072eb00000|100%| E|CS|TAMS 0x000000072ea00000, 0x000000072ea00000| Complete 
| 199|0x000000072eb00000, 0x000000072ec00000, 0x000000072ec00000|100%| E|CS|TAMS 0x000000072eb00000, 0x000000072eb00000| Complete 
| 200|0x000000072ec00000, 0x000000072ed00000, 0x000000072ed00000|100%| E|CS|TAMS 0x000000072ec00000, 0x000000072ec00000| Complete 
| 201|0x000000072ed00000, 0x000000072ee00000, 0x000000072ee00000|100%| E|CS|TAMS 0x000000072ed00000, 0x000000072ed00000| Complete 
| 202|0x000000072ee00000, 0x000000072ef00000, 0x000000072ef00000|100%| E|CS|TAMS 0x000000072ee00000, 0x000000072ee00000| Complete 
| 203|0x000000072ef00000, 0x000000072f000000, 0x000000072f000000|100%| E|CS|TAMS 0x000000072ef00000, 0x000000072ef00000| Complete 
| 204|0x000000072f000000, 0x000000072f100000, 0x000000072f100000|100%| E|CS|TAMS 0x000000072f000000, 0x000000072f000000| Complete 
| 205|0x000000072f100000, 0x000000072f200000, 0x000000072f200000|100%| E|CS|TAMS 0x000000072f100000, 0x000000072f100000| Complete 
| 206|0x000000072f200000, 0x000000072f300000, 0x000000072f300000|100%| E|CS|TAMS 0x000000072f200000, 0x000000072f200000| Complete 
| 207|0x000000072f300000, 0x000000072f400000, 0x000000072f400000|100%| E|CS|TAMS 0x000000072f300000, 0x000000072f300000| Complete 
| 208|0x000000072f400000, 0x000000072f500000, 0x000000072f500000|100%| E|CS|TAMS 0x000000072f400000, 0x000000072f400000| Complete 
| 209|0x000000072f500000, 0x000000072f600000, 0x000000072f600000|100%| E|CS|TAMS 0x000000072f500000, 0x000000072f500000| Complete 
| 210|0x000000072f600000, 0x000000072f700000, 0x000000072f700000|100%| E|CS|TAMS 0x000000072f600000, 0x000000072f600000| Complete 
| 211|0x000000072f700000, 0x000000072f800000, 0x000000072f800000|100%| E|CS|TAMS 0x000000072f700000, 0x000000072f700000| Complete 
| 212|0x000000072f800000, 0x000000072f900000, 0x000000072f900000|100%| E|CS|TAMS 0x000000072f800000, 0x000000072f800000| Complete 
| 213|0x000000072f900000, 0x000000072fa00000, 0x000000072fa00000|100%| E|CS|TAMS 0x000000072f900000, 0x000000072f900000| Complete 
| 214|0x000000072fa00000, 0x000000072fb00000, 0x000000072fb00000|100%| E|CS|TAMS 0x000000072fa00000, 0x000000072fa00000| Complete 
| 215|0x000000072fb00000, 0x000000072fc00000, 0x000000072fc00000|100%| E|CS|TAMS 0x000000072fb00000, 0x000000072fb00000| Complete 
| 216|0x000000072fc00000, 0x000000072fd00000, 0x000000072fd00000|100%| E|CS|TAMS 0x000000072fc00000, 0x000000072fc00000| Complete 
| 217|0x000000072fd00000, 0x000000072fe00000, 0x000000072fe00000|100%| E|CS|TAMS 0x000000072fd00000, 0x000000072fd00000| Complete 
| 218|0x000000072fe00000, 0x000000072ff00000, 0x000000072ff00000|100%| E|CS|TAMS 0x000000072fe00000, 0x000000072fe00000| Complete 
| 219|0x000000072ff00000, 0x0000000730000000, 0x0000000730000000|100%| E|CS|TAMS 0x000000072ff00000, 0x000000072ff00000| Complete 
| 220|0x0000000730000000, 0x0000000730100000, 0x0000000730100000|100%| E|CS|TAMS 0x0000000730000000, 0x0000000730000000| Complete 
| 221|0x0000000730100000, 0x0000000730200000, 0x0000000730200000|100%| E|CS|TAMS 0x0000000730100000, 0x0000000730100000| Complete 

Card table byte_map: [0x000001ca98a80000,0x000001ca99170000] _byte_map_base: 0x000001ca9516e000

Marking Bits (Prev, Next): (CMBitMap*) 0x000001caf9d35ed8, (CMBitMap*) 0x000001caf9d35f10
 Prev Bits: [0x000001ca99860000, 0x000001ca9cfd0000)
 Next Bits: [0x000001ca9cfd0000, 0x000001caa0740000)

Polling page: 0x000001ca80000000

Metaspace:

Usage:
  Non-class:     30.93 MB capacity,    30.57 MB ( 99%) used,   307.80 KB ( <1%) free+waste,    60.06 KB ( <1%) overhead. 
      Class:      4.14 MB capacity,     3.94 MB ( 95%) used,   175.09 KB (  4%) free+waste,    26.56 KB ( <1%) overhead. 
       Both:     35.07 MB capacity,    34.51 MB ( 98%) used,   482.89 KB (  1%) free+waste,    86.62 KB ( <1%) overhead. 

Virtual space:
  Non-class space:       32.00 MB reserved,      31.12 MB ( 97%) committed 
      Class space:        1.00 GB reserved,       4.25 MB ( <1%) committed 
             Both:        1.03 GB reserved,      35.38 MB (  3%) committed 

Chunk freelists:
   Non-Class:  8.00 KB
       Class:  18.00 KB
        Both:  26.00 KB

MaxMetaspaceSize: 17179869184.00 GB
CompressedClassSpaceSize: 1.00 GB
Initial GC threshold: 20.80 MB
Current GC threshold: 58.75 MB
CDS: off

CodeHeap 'non-profiled nmethods': size=120000Kb used=2145Kb max_used=2145Kb free=117855Kb
 bounds [0x000001ca901b0000, 0x000001ca90420000, 0x000001ca976e0000]
CodeHeap 'profiled nmethods': size=120000Kb used=8025Kb max_used=8025Kb free=111975Kb
 bounds [0x000001ca88c80000, 0x000001ca89460000, 0x000001ca901b0000]
CodeHeap 'non-nmethods': size=5760Kb used=1310Kb max_used=1357Kb free=4449Kb
 bounds [0x000001ca886e0000, 0x000001ca88950000, 0x000001ca88c80000]
 total_blobs=4180 nmethods=3577 adapters=515
 compilation: enabled
              stopped_count=0, restarted_count=0
 full_count=0

Compilation events (20 events):
Event: 304.644 Thread 0x000001caa34ca000 nmethod 3571 0x000001ca89455290 code [0x000001ca89455460, 0x000001ca894556f8]
Event: 304.644 Thread 0x000001caa34ca000 3572       3       java.lang.Thread::onSpinWait (1 bytes)
Event: 304.645 Thread 0x000001caa34ca000 nmethod 3572 0x000001ca89455810 code [0x000001ca894559c0, 0x000001ca89455a98]
Event: 308.369 Thread 0x000001caa3dca000 3573 %     4       kotlinx.coroutines.scheduling.CoroutineScheduler$Worker::runWorker @ 2 (118 bytes)
Event: 308.403 Thread 0x000001caa3dca000 nmethod 3573% 0x000001ca903c0810 code [0x000001ca903c0a40, 0x000001ca903c1240]
Event: 321.985 Thread 0x000001caa3dca000 3574       4       kotlin.coroutines.CombinedContext::fold (28 bytes)
Event: 321.992 Thread 0x000001caa3dca000 nmethod 3574 0x000001ca903c1910 code [0x000001ca903c1ae0, 0x000001ca903c1d78]
Event: 322.248 Thread 0x000001caa3dca000 3575       4       java.util.Arrays$ArrayList::get (7 bytes)
Event: 322.250 Thread 0x000001caa3dca000 nmethod 3575 0x000001ca903c2010 code [0x000001ca903c21a0, 0x000001ca903c2238]
Event: 322.636 Thread 0x000001caa34ca000 3576       3       kotlinx.coroutines.CancellableContinuationImpl::tryResume (71 bytes)
Event: 322.637 Thread 0x000001caa34ca000 nmethod 3576 0x000001ca89455b10 code [0x000001ca89455d20, 0x000001ca89456258]
Event: 323.260 Thread 0x000001caa3dca000 3577       4       org.jline.terminal.impl.AbstractWindowsConsoleWriter::flush (1 bytes)
Event: 323.261 Thread 0x000001caa3dca000 nmethod 3577 0x000001ca903c2310 code [0x000001ca903c24a0, 0x000001ca903c24f8]
Event: 366.014 Thread 0x000001caa3dca000 3578       4       kotlinx.coroutines.internal.LockFreeLinkedListNode::addNext (40 bytes)
Event: 366.046 Thread 0x000001caa3dca000 nmethod 3578 0x000001ca903c2610 code [0x000001ca903c27e0, 0x000001ca903c2ee8]
Event: 366.047 Thread 0x000001caa3dca000 3579       4       kotlinx.coroutines.sync.MutexImpl::lockSuspend (390 bytes)
Event: 366.381 Thread 0x000001caa3dca000 nmethod 3579 0x000001ca903c3290 code [0x000001ca903c3600, 0x000001ca903c6c80]
Event: 386.009 Thread 0x000001caa3dca000 3580       4       java.util.ArrayList::clear (43 bytes)
Event: 386.020 Thread 0x000001caa3dca000 nmethod 3580 0x000001ca903c7f10 code [0x000001ca903c80a0, 0x000001ca903c8338]
Event: 404.964 Thread 0x000001caa34ca000 3581 % !   3       kotlinx.coroutines.DefaultExecutor::run @ 71 (302 bytes)

GC Heap History (8 events):
Event: 2.135 GC heap before
{Heap before GC invocations=0 (full 0):
 garbage-first heap   total 227328K, used 26624K [0x0000000722400000, 0x0000000800000000)
  region size 1024K, 24 young (24576K), 0 survivors (0K)
 Metaspace       used 14911K, capacity 15105K, committed 15360K, reserved 1062912K
  class space    used 1384K, capacity 1493K, committed 1536K, reserved 1048576K
}
Event: 2.147 GC heap after
{Heap after GC invocations=1 (full 0):
 garbage-first heap   total 227328K, used 4747K [0x0000000722400000, 0x0000000800000000)
  region size 1024K, 3 young (3072K), 3 survivors (3072K)
 Metaspace       used 14911K, capacity 15105K, committed 15360K, reserved 1062912K
  class space    used 1384K, capacity 1493K, committed 1536K, reserved 1048576K
}
Event: 3.274 GC heap before
{Heap before GC invocations=1 (full 0):
 garbage-first heap   total 227328K, used 23179K [0x0000000722400000, 0x0000000800000000)
  region size 1024K, 22 young (22528K), 3 survivors (3072K)
 Metaspace       used 20914K, capacity 21140K, committed 21248K, reserved 1069056K
  class space    used 2125K, capacity 2233K, committed 2304K, reserved 1048576K
}
Event: 3.287 GC heap after
{Heap after GC invocations=2 (full 0):
 garbage-first heap   total 227328K, used 6156K [0x0000000722400000, 0x0000000800000000)
  region size 1024K, 5 young (5120K), 5 survivors (5120K)
 Metaspace       used 20914K, capacity 21140K, committed 21248K, reserved 1069056K
  class space    used 2125K, capacity 2233K, committed 2304K, reserved 1048576K
}
Event: 22.400 GC heap before
{Heap before GC invocations=3 (full 0):
 garbage-first heap   total 227328K, used 45068K [0x0000000722400000, 0x0000000800000000)
  region size 1024K, 40 young (40960K), 5 survivors (5120K)
 Metaspace       used 27791K, capacity 28148K, committed 28288K, reserved 1075200K
  class space    used 2962K, capacity 3075K, committed 3200K, reserved 1048576K
}
Event: 22.415 GC heap after
{Heap after GC invocations=4 (full 0):
 garbage-first heap   total 227328K, used 16049K [0x0000000722400000, 0x0000000800000000)
  region size 1024K, 5 young (5120K), 5 survivors (5120K)
 Metaspace       used 27791K, capacity 28148K, committed 28288K, reserved 1075200K
  class space    used 2962K, capacity 3075K, committed 3200K, reserved 1048576K
}
Event: 98.971 GC heap before
{Heap before GC invocations=4 (full 0):
 garbage-first heap   total 227328K, used 131761K [0x0000000722400000, 0x0000000800000000)
  region size 1024K, 117 young (119808K), 5 survivors (5120K)
 Metaspace       used 35289K, capacity 35814K, committed 35840K, reserved 1081344K
  class space    used 4031K, capacity 4206K, committed 4224K, reserved 1048576K
}
Event: 98.987 GC heap after
{Heap after GC invocations=5 (full 0):
 garbage-first heap   total 227328K, used 23135K [0x0000000722400000, 0x0000000800000000)
  region size 1024K, 12 young (12288K), 12 survivors (12288K)
 Metaspace       used 35289K, capacity 35814K, committed 35840K, reserved 1081344K
  class space    used 4031K, capacity 4206K, committed 4224K, reserved 1048576K
}

Deoptimization events (20 events):
Event: 210.720 Thread 0x000001caa54fe800 DEOPT PACKING pc=0x000001ca9036e29c sp=0x000000293a5fed50
Event: 210.720 Thread 0x000001caa54fe800 DEOPT UNPACKING pc=0x000001ca8872a1af sp=0x000000293a5fec00 mode 2
Event: 221.319 Thread 0x000001caa44a5800 Uncommon trap: trap_request=0xffffff4d fr.pc=0x000001ca90352bac relative=0x000000000000024c
Event: 221.319 Thread 0x000001caa44a5800 Uncommon trap: reason=unstable_if action=reinterpret pc=0x000001ca90352bac method=kotlinx.coroutines.CancellableContinuationImpl.invokeOnCancellation(Lkotlin/jvm/functions/Function1;)V @ 44 c2
Event: 221.319 Thread 0x000001caa44a5800 DEOPT PACKING pc=0x000001ca90352bac sp=0x00000029396feef0
Event: 221.319 Thread 0x000001caa44a5800 DEOPT UNPACKING pc=0x000001ca8872a1af sp=0x00000029396fee78 mode 2
Event: 272.605 Thread 0x000001caa44a5800 Uncommon trap: trap_request=0xffffff4d fr.pc=0x000001ca9039eac8 relative=0x0000000000000088
Event: 272.605 Thread 0x000001caa44a5800 Uncommon trap: reason=unstable_if action=reinterpret pc=0x000001ca9039eac8 method=kotlinx.coroutines.CancellableContinuationImpl.tryResume()Z @ 46 c2
Event: 272.605 Thread 0x000001caa44a5800 DEOPT PACKING pc=0x000001ca9039eac8 sp=0x00000029396fef40
Event: 272.605 Thread 0x000001caa44a5800 DEOPT UNPACKING pc=0x000001ca8872a1af sp=0x00000029396fed90 mode 2
Event: 320.254 Thread 0x000001caa5471000 Uncommon trap: trap_request=0xffffff4d fr.pc=0x000001ca9033d334 relative=0x0000000000000094
Event: 320.254 Thread 0x000001caa5471000 Uncommon trap: reason=unstable_if action=reinterpret pc=0x000001ca9033d334 method=kotlinx.coroutines.CancellableContinuationImpl.tryResume()Z @ 46 c2
Event: 320.254 Thread 0x000001caa5471000 DEOPT PACKING pc=0x000001ca9033d334 sp=0x000000293a8febd0
Event: 320.254 Thread 0x000001caa5471000 DEOPT UNPACKING pc=0x000001ca8872a1af sp=0x000000293a8feb48 mode 2
Event: 332.634 Thread 0x000001caa5471000 DEOPT PACKING pc=0x000001ca89447c17 sp=0x000000293a8ff2a0
Event: 332.634 Thread 0x000001caa5471000 DEOPT UNPACKING pc=0x000001ca8872a95e sp=0x000000293a8fe778 mode 0
Event: 362.399 Thread 0x000001caa558b000 DEOPT PACKING pc=0x000001ca89447c38 sp=0x000000293aaff1e0
Event: 362.399 Thread 0x000001caa558b000 DEOPT UNPACKING pc=0x000001ca8872a95e sp=0x000000293aafe6b8 mode 0
Event: 392.772 Thread 0x000001caa54fe800 DEOPT PACKING pc=0x000001ca89447c17 sp=0x000000293a5ff3c0
Event: 392.772 Thread 0x000001caa54fe800 DEOPT UNPACKING pc=0x000001ca8872a95e sp=0x000000293a5fe898 mode 0

Classes redefined (0 events):
No events

Internal exceptions (20 events):
Event: 402.138 Thread 0x000001caf9cd8800 Exception <a 'sun/nio/fs/WindowsException'{0x000000072afe8e88}> (0x000000072afe8e88) thrown at [s\src\hotspot\share\prims\jni.cpp, line 617]
Event: 402.139 Thread 0x000001caf9cd8800 Exception <a 'sun/nio/fs/WindowsException'{0x000000072afe9148}> (0x000000072afe9148) thrown at [s\src\hotspot\share\prims\jni.cpp, line 617]
Event: 402.446 Thread 0x000001caf9cd8800 Exception <a 'sun/nio/fs/WindowsException'{0x000000072afea1a8}> (0x000000072afea1a8) thrown at [s\src\hotspot\share\prims\jni.cpp, line 617]
Event: 402.446 Thread 0x000001caf9cd8800 Exception <a 'sun/nio/fs/WindowsException'{0x000000072afea468}> (0x000000072afea468) thrown at [s\src\hotspot\share\prims\jni.cpp, line 617]
Event: 402.758 Thread 0x000001caf9cd8800 Exception <a 'sun/nio/fs/WindowsException'{0x000000072afeb4c8}> (0x000000072afeb4c8) thrown at [s\src\hotspot\share\prims\jni.cpp, line 617]
Event: 402.758 Thread 0x000001caf9cd8800 Exception <a 'sun/nio/fs/WindowsException'{0x000000072afeb788}> (0x000000072afeb788) thrown at [s\src\hotspot\share\prims\jni.cpp, line 617]
Event: 403.071 Thread 0x000001caf9cd8800 Exception <a 'sun/nio/fs/WindowsException'{0x000000072afec7e8}> (0x000000072afec7e8) thrown at [s\src\hotspot\share\prims\jni.cpp, line 617]
Event: 403.071 Thread 0x000001caf9cd8800 Exception <a 'sun/nio/fs/WindowsException'{0x000000072afecaa8}> (0x000000072afecaa8) thrown at [s\src\hotspot\share\prims\jni.cpp, line 617]
Event: 403.382 Thread 0x000001caf9cd8800 Exception <a 'sun/nio/fs/WindowsException'{0x000000072afedb08}> (0x000000072afedb08) thrown at [s\src\hotspot\share\prims\jni.cpp, line 617]
Event: 403.383 Thread 0x000001caf9cd8800 Exception <a 'sun/nio/fs/WindowsException'{0x000000072afeddc8}> (0x000000072afeddc8) thrown at [s\src\hotspot\share\prims\jni.cpp, line 617]
Event: 403.696 Thread 0x000001caf9cd8800 Exception <a 'sun/nio/fs/WindowsException'{0x000000072afeee28}> (0x000000072afeee28) thrown at [s\src\hotspot\share\prims\jni.cpp, line 617]
Event: 403.696 Thread 0x000001caf9cd8800 Exception <a 'sun/nio/fs/WindowsException'{0x000000072afef0e8}> (0x000000072afef0e8) thrown at [s\src\hotspot\share\prims\jni.cpp, line 617]
Event: 404.010 Thread 0x000001caf9cd8800 Exception <a 'sun/nio/fs/WindowsException'{0x000000072aff0148}> (0x000000072aff0148) thrown at [s\src\hotspot\share\prims\jni.cpp, line 617]
Event: 404.011 Thread 0x000001caf9cd8800 Exception <a 'sun/nio/fs/WindowsException'{0x000000072aff0408}> (0x000000072aff0408) thrown at [s\src\hotspot\share\prims\jni.cpp, line 617]
Event: 404.324 Thread 0x000001caf9cd8800 Exception <a 'sun/nio/fs/WindowsException'{0x000000072aff1468}> (0x000000072aff1468) thrown at [s\src\hotspot\share\prims\jni.cpp, line 617]
Event: 404.325 Thread 0x000001caf9cd8800 Exception <a 'sun/nio/fs/WindowsException'{0x000000072aff1728}> (0x000000072aff1728) thrown at [s\src\hotspot\share\prims\jni.cpp, line 617]
Event: 404.636 Thread 0x000001caf9cd8800 Exception <a 'sun/nio/fs/WindowsException'{0x000000072aff2788}> (0x000000072aff2788) thrown at [s\src\hotspot\share\prims\jni.cpp, line 617]
Event: 404.636 Thread 0x000001caf9cd8800 Exception <a 'sun/nio/fs/WindowsException'{0x000000072aff2a48}> (0x000000072aff2a48) thrown at [s\src\hotspot\share\prims\jni.cpp, line 617]
Event: 404.949 Thread 0x000001caf9cd8800 Exception <a 'sun/nio/fs/WindowsException'{0x000000072aff3aa8}> (0x000000072aff3aa8) thrown at [s\src\hotspot\share\prims\jni.cpp, line 617]
Event: 404.949 Thread 0x000001caf9cd8800 Exception <a 'sun/nio/fs/WindowsException'{0x000000072aff3d68}> (0x000000072aff3d68) thrown at [s\src\hotspot\share\prims\jni.cpp, line 617]

Events (20 events):
Event: 109.876 loading class java/util/IdentityHashMap$KeyIterator done
Event: 109.877 Thread 0x000001caa5375800 Thread exited: 0x000001caa5375800
Event: 134.311 Executing VM operation: RevokeBias
Event: 134.312 Executing VM operation: RevokeBias done
Event: 304.601 loading class sun/security/ssl/Alert
Event: 304.638 loading class sun/security/ssl/Alert done
Event: 304.639 loading class sun/security/ssl/Alert$AlertConsumer
Event: 304.639 loading class sun/security/ssl/Alert$AlertConsumer done
Event: 304.639 loading class sun/security/ssl/Alert$Level
Event: 304.640 loading class sun/security/ssl/Alert$Level done
Event: 304.641 Executing VM operation: RevokeBias
Event: 304.642 Executing VM operation: RevokeBias done
Event: 304.642 Executing VM operation: RevokeBias
Event: 304.642 Executing VM operation: RevokeBias done
Event: 304.642 Executing VM operation: RevokeBias
Event: 304.642 Executing VM operation: RevokeBias done
Event: 304.643 loading class sun/net/ConnectionResetException
Event: 304.643 loading class sun/net/ConnectionResetException done
Event: 364.645 Thread 0x000001caa558d800 Thread exited: 0x000001caa558d800
Event: 364.645 Thread 0x000001caa5591800 Thread exited: 0x000001caa5591800


Dynamic libraries:
0x00007ff7ba770000 - 0x00007ff7ba77e000 	C:\Users\danie\Desktop\andr\jdk11.0.22_7\bin\java.exe
0x00007ff885270000 - 0x00007ff885468000 	C:\WINDOWS\SYSTEM32\ntdll.dll
0x00007ff884930000 - 0x00007ff8849ed000 	C:\WINDOWS\System32\KERNEL32.DLL
0x00007ff882b40000 - 0x00007ff882e36000 	C:\WINDOWS\System32\KERNELBASE.dll
0x00007ff883170000 - 0x00007ff883270000 	C:\WINDOWS\System32\ucrtbase.dll
0x00007ff87c580000 - 0x00007ff87c59b000 	C:\Users\danie\Desktop\andr\jdk11.0.22_7\bin\VCRUNTIME140.dll
0x00007ff87c560000 - 0x00007ff87c577000 	C:\Users\danie\Desktop\andr\jdk11.0.22_7\bin\jli.dll
0x00007ff8843a0000 - 0x00007ff88453e000 	C:\WINDOWS\System32\USER32.dll
0x00007ff8829e0000 - 0x00007ff882a02000 	C:\WINDOWS\System32\win32u.dll
0x00007ff86e300000 - 0x00007ff86e59a000 	C:\WINDOWS\WinSxS\amd64_microsoft.windows.common-controls_6595b64144ccf1df_6.0.19041.3636_none_60b6a03d71f818d5\COMCTL32.dll
0x00007ff884900000 - 0x00007ff88492c000 	C:\WINDOWS\System32\GDI32.dll
0x00007ff8836a0000 - 0x00007ff88373e000 	C:\WINDOWS\System32\msvcrt.dll
0x00007ff882fa0000 - 0x00007ff8830ba000 	C:\WINDOWS\System32\gdi32full.dll
0x00007ff882aa0000 - 0x00007ff882b3d000 	C:\WINDOWS\System32\msvcp_win.dll
0x00007ff8851a0000 - 0x00007ff8851d0000 	C:\WINDOWS\System32\IMM32.DLL
0x00007ff87c650000 - 0x00007ff87c65c000 	C:\Users\danie\Desktop\andr\jdk11.0.22_7\bin\vcruntime140_1.dll
0x00007ff86c280000 - 0x00007ff86c30d000 	C:\Users\danie\Desktop\andr\jdk11.0.22_7\bin\msvcp140.dll
0x00007fffe54b0000 - 0x00007fffe6073000 	C:\Users\danie\Desktop\andr\jdk11.0.22_7\bin\server\jvm.dll
0x00007ff8834f0000 - 0x00007ff8835a3000 	C:\WINDOWS\System32\ADVAPI32.dll
0x00007ff8832c0000 - 0x00007ff88335f000 	C:\WINDOWS\System32\sechost.dll
0x00007ff884540000 - 0x00007ff884666000 	C:\WINDOWS\System32\RPCRT4.dll
0x00007ff882940000 - 0x00007ff882967000 	C:\WINDOWS\System32\bcrypt.dll
0x00007ff8837b0000 - 0x00007ff8837b8000 	C:\WINDOWS\System32\PSAPI.DLL
0x00007ff876b60000 - 0x00007ff876b87000 	C:\WINDOWS\SYSTEM32\WINMM.dll
0x00007ff881610000 - 0x00007ff88161a000 	C:\WINDOWS\SYSTEM32\VERSION.dll
0x00007ff866420000 - 0x00007ff866429000 	C:\WINDOWS\SYSTEM32\WSOCK32.dll
0x00007ff883740000 - 0x00007ff8837ab000 	C:\WINDOWS\System32\WS2_32.dll
0x00007ff881560000 - 0x00007ff881572000 	C:\WINDOWS\SYSTEM32\kernel.appcore.dll
0x00007ff87c4d0000 - 0x00007ff87c4e0000 	C:\Users\danie\Desktop\andr\jdk11.0.22_7\bin\verify.dll
0x00007ff8803b0000 - 0x00007ff880594000 	C:\WINDOWS\SYSTEM32\DBGHELP.DLL
0x00007ff86a3a0000 - 0x00007ff86a3d4000 	C:\WINDOWS\SYSTEM32\dbgcore.DLL
0x00007ff882a10000 - 0x00007ff882a92000 	C:\WINDOWS\System32\bcryptPrimitives.dll
0x00007ff86c3b0000 - 0x00007ff86c3d8000 	C:\Users\danie\Desktop\andr\jdk11.0.22_7\bin\java.dll
0x00007ff879ae0000 - 0x00007ff879aea000 	C:\Users\danie\Desktop\andr\jdk11.0.22_7\bin\jimage.dll
0x00007ff85c030000 - 0x00007ff85c048000 	C:\Users\danie\Desktop\andr\jdk11.0.22_7\bin\zip.dll
0x00007ff883c30000 - 0x00007ff884375000 	C:\WINDOWS\System32\SHELL32.dll
0x00007ff880710000 - 0x00007ff880eab000 	C:\WINDOWS\SYSTEM32\windows.storage.dll
0x00007ff884bb0000 - 0x00007ff884f04000 	C:\WINDOWS\System32\combase.dll
0x00007ff882300000 - 0x00007ff88232d000 	C:\WINDOWS\SYSTEM32\Wldp.dll
0x00007ff883360000 - 0x00007ff88340d000 	C:\WINDOWS\System32\SHCORE.dll
0x00007ff8851d0000 - 0x00007ff885225000 	C:\WINDOWS\System32\shlwapi.dll
0x00007ff882870000 - 0x00007ff882895000 	C:\WINDOWS\SYSTEM32\profapi.dll
0x00007ff85c010000 - 0x00007ff85c029000 	C:\Users\danie\Desktop\andr\jdk11.0.22_7\bin\net.dll
0x00007ff87a800000 - 0x00007ff87a90a000 	C:\WINDOWS\SYSTEM32\WINHTTP.dll
0x00007ff881fb0000 - 0x00007ff88201a000 	C:\WINDOWS\system32\mswsock.dll
0x00007ff85be00000 - 0x00007ff85be12000 	C:\Users\danie\Desktop\andr\jdk11.0.22_7\bin\nio.dll
0x00007ff85bdd0000 - 0x00007ff85bdf7000 	C:\Users\danie\Desktop\andr\jdk11.0.22_7\bin\sunec.dll
0x00007ff879ad0000 - 0x00007ff879ade000 	C:\Users\danie\Desktop\andr\jdk11.0.22_7\bin\sunmscapi.dll
0x00007ff882e40000 - 0x00007ff882f9d000 	C:\WINDOWS\System32\CRYPT32.dll
0x00007ff882370000 - 0x00007ff882398000 	C:\WINDOWS\SYSTEM32\ncrypt.dll
0x00007ff882330000 - 0x00007ff88236b000 	C:\WINDOWS\SYSTEM32\NTASN1.dll
0x0000000069ac0000 - 0x0000000069ae4000 	C:\Users\danie\AppData\Local\Temp\jansi-2.4.0-a69dd873929a74c0-jansi.dll
0x00007ff882160000 - 0x00007ff882178000 	C:\WINDOWS\SYSTEM32\CRYPTSP.dll
0x00007ff8818f0000 - 0x00007ff881924000 	C:\WINDOWS\system32\rsaenh.dll
0x00007ff882830000 - 0x00007ff88285e000 	C:\WINDOWS\SYSTEM32\USERENV.dll
0x00007ff882180000 - 0x00007ff88218c000 	C:\WINDOWS\SYSTEM32\CRYPTBASE.dll
0x00007ff881cb0000 - 0x00007ff881ceb000 	C:\WINDOWS\SYSTEM32\IPHLPAPI.DLL
0x00007ff884ba0000 - 0x00007ff884ba8000 	C:\WINDOWS\System32\NSI.dll
0x00007ff87a9c0000 - 0x00007ff87a9d7000 	C:\WINDOWS\SYSTEM32\dhcpcsvc6.DLL
0x00007ff87ace0000 - 0x00007ff87acfd000 	C:\WINDOWS\SYSTEM32\dhcpcsvc.DLL
0x00007ff881cf0000 - 0x00007ff881dba000 	C:\WINDOWS\SYSTEM32\DNSAPI.dll
0x00000000672d0000 - 0x00000000672f6000 	C:\Program Files\Bonjour\mdnsNSP.dll
0x00007ff87ad90000 - 0x00007ff87ad9a000 	C:\Windows\System32\rasadhlp.dll
0x00007ff874360000 - 0x00007ff8743e0000 	C:\WINDOWS\System32\fwpuclnt.dll
0x00007ff852fd0000 - 0x00007ff852ff7000 	C:\Users\danie\.gradle\native\c067742578af261105cb4f569cf0c3c89f3d7b1fecec35dd04571415982c5e48\windows-amd64\native-platform.dll
0x00007ff879790000 - 0x00007ff879799000 	C:\Users\danie\Desktop\andr\jdk11.0.22_7\bin\management.dll
0x00007ff879510000 - 0x00007ff87951b000 	C:\Users\danie\Desktop\andr\jdk11.0.22_7\bin\management_ext.dll

dbghelp: loaded successfully - version: 4.0.5 - missing functions: none
symbol engine: initialized successfully - sym options: 0x614 - pdb path: .;C:\Users\danie\Desktop\andr\jdk11.0.22_7\bin;C:\WINDOWS\SYSTEM32;C:\WINDOWS\WinSxS\amd64_microsoft.windows.common-controls_6595b64144ccf1df_6.0.19041.3636_none_60b6a03d71f818d5;C:\Users\danie\Desktop\andr\jdk11.0.22_7\bin\server;C:\Users\danie\AppData\Local\Temp;C:\Program Files\Bonjour;C:\Users\danie\.gradle\native\c067742578af261105cb4f569cf0c3c89f3d7b1fecec35dd04571415982c5e48\windows-amd64

VM Arguments:
jvm_args: -Dkobweb.version=0.9.13 
java_command: C:\Users\danie\Desktop\andr\kobweb-0.9.13\bin\..\lib\kobweb-0.9.13-all.jar run
java_class_path (initial): C:\Users\danie\Desktop\andr\kobweb-0.9.13\bin\..\lib\kobweb-0.9.13-all.jar
Launcher Type: SUN_STANDARD

[Global flags]
     intx CICompilerCount                          = 4                                         {product} {ergonomic}
     uint ConcGCThreads                            = 3                                         {product} {ergonomic}
     uint G1ConcRefinementThreads                  = 10                                        {product} {ergonomic}
   size_t G1HeapRegionSize                         = 1048576                                   {product} {ergonomic}
    uintx GCDrainStackTargetSize                   = 64                                        {product} {ergonomic}
   size_t InitialHeapSize                          = 232783872                                 {product} {ergonomic}
   size_t MarkStackSize                            = 4194304                                   {product} {ergonomic}
   size_t MaxHeapSize                              = 3720347648                                {product} {ergonomic}
   size_t MaxNewSize                               = 2231369728                                {product} {ergonomic}
   size_t MinHeapDeltaBytes                        = 1048576                                   {product} {ergonomic}
    uintx NonNMethodCodeHeapSize                   = 5836300                                {pd product} {ergonomic}
    uintx NonProfiledCodeHeapSize                  = 122910970                              {pd product} {ergonomic}
    uintx ProfiledCodeHeapSize                     = 122910970                              {pd product} {ergonomic}
    uintx ReservedCodeCacheSize                    = 251658240                              {pd product} {ergonomic}
     bool SegmentedCodeCache                       = true                                      {product} {ergonomic}
     bool UseCompressedClassPointers               = true                                 {lp64_product} {ergonomic}
     bool UseCompressedOops                        = true                                 {lp64_product} {ergonomic}
     bool UseG1GC                                  = true                                      {product} {ergonomic}
     bool UseLargePagesIndividualAllocation        = false                                  {pd product} {ergonomic}

Logging:
Log output configuration:
 #0: stdout all=warning uptime,level,tags
 #1: stderr all=off uptime,level,tags

Environment Variables:
JAVA_HOME=C:\Users\danie\Desktop\andr\jdk11.0.22_7
CLASSPATH=C:\Users\danie\Desktop\andr\kobweb-0.9.13\bin\..\lib\kobweb-0.9.13-all.jar
PATH=C:\Python311\Scripts\;C:\Python311\;C:\Program Files\Common Files\Oracle\Java\javapath;C:\Program Files (x86)\Common Files\Oracle\Java\javapath;C:\Windows\system32;C:\Windows;C:\Windows\System32\Wbem;C:\Windows\System32\WindowsPowerShell\v1.0\;C:\Windows\System32\OpenSSH\;C:\Program Files (x86)\NVIDIA Corporation\PhysX\Common;C:\Program Files\NVIDIA Corporation\NVIDIA NvDLISR;C:\WINDOWS\system32;C:\WINDOWS;C:\WINDOWS\System32\Wbem;C:\WINDOWS\System32\WindowsPowerShell\v1.0\;C:\WINDOWS\System32\OpenSSH\;C:\Program Files (x86)\dotnet\;C:\Program Files\Git\cmd;C:\Program Files\nodejs\;C:\ProgramData\chocolatey\bin;C:\Program Files\dotnet\;C:\Program Files\MongoDB\Server\6.0\bin;C:\Users\danie\Desktop\andr\kobweb-0.9.13\bin;C:\Users\danie\AppData\Local\Microsoft\WindowsApps;;C:\Users\danie\AppData\Local\Programs\Microsoft VS Code\bin;C:\Users\danie\AppData\Roaming\npm
USERNAME=danie
OS=Windows_NT
PROCESSOR_IDENTIFIER=AMD64 Family 25 Model 80 Stepping 0, AuthenticAMD
TMP=C:\Users\danie\AppData\Local\Temp
TEMP=C:\Users\danie\AppData\Local\Temp



---------------  S Y S T E M  ---------------

OS: Windows 10 , 64 bit Build 19041 (10.0.19041.3636)
OS uptime: 1 days 21:10 hours
Hyper-V role detected

CPU:total 12 (initial active 12) (12 cores per cpu, 2 threads per core) family 25 model 80 stepping 0 microcode 0x0, cmov, cx8, fxsr, mmx, sse, sse2, sse3, ssse3, sse4.1, sse4.2, popcnt, avx, avx2, aes, clmul, erms, mmxext, 3dnowpref, lzcnt, sse4a, ht, tsc, tscinvbit, tscinv, bmi1, bmi2, adx, sha, fma

Memory: 4k page, system-wide physical 14188M (373M free)
TotalPageFile size 57196M (AvailPageFile size 1M)
current process WorkingSet (physical memory assigned to process): 244M, peak: 273M
current process commit charge ("private bytes"): 377M, peak: 406M

vm_info: OpenJDK 64-Bit Server VM (11.0.22+7-LTS) for windows-amd64 JRE (11.0.22+7-LTS), built on Jan 10 2024 19:54:00 by "Administrator" with MS VC++ 16.10 / 16.11 (VS2019)

END.
