#
# There is insufficient memory for the Java Runtime Environment to continue.
# Native memory allocation (malloc) failed to allocate 996576 bytes for Chunk::new
# Possible reasons:
#   The system is out of physical RAM or swap space
#   The process is running with CompressedOops enabled, and the Java Heap may be blocking the growth of the native heap
# Possible solutions:
#   Reduce memory load on the system
#   Increase physical memory or swap space
#   Check if swap backing store is full
#   Decrease Java heap size (-Xmx/-Xms)
#   Decrease number of Java threads
#   Decrease Java thread stack sizes (-Xss)
#   Set larger code cache with -XX:ReservedCodeCacheSize=
#   JVM is running with Unscaled Compressed Oops mode in which the Java heap is
#     placed in the first 4GB address space. The Java Heap base address is the
#     maximum limit for the native heap growth. Please use -XX:HeapBaseMinAddress
#     to set the Java Heap base and to place the Java Heap above 4GB virtual address.
# This output file may be truncated or incomplete.
#
#  Out of Memory Error (arena.cpp:197), pid=4244, tid=18896
#
# JRE version: OpenJDK Runtime Environment Corretto-11.0.22.7.1 (11.0.22+7) (build 11.0.22+7-LTS)
# Java VM: OpenJDK 64-Bit Server VM Corretto-11.0.22.7.1 (11.0.22+7-LTS, mixed mode, tiered, compressed oops, g1 gc, windows-amd64)
# No core dump will be written. Minidumps are not enabled by default on client versions of Windows
#

---------------  S U M M A R Y ------------

Command Line: --add-opens=java.base/java.util=ALL-UNNAMED --add-opens=java.base/java.lang=ALL-UNNAMED --add-opens=java.base/java.lang.invoke=ALL-UNNAMED --add-opens=java.prefs/java.util.prefs=ALL-UNNAMED --add-opens=java.base/java.nio.charset=ALL-UNNAMED --add-opens=java.base/java.net=ALL-UNNAMED --add-opens=java.base/java.util.concurrent.atomic=ALL-UNNAMED -XX:MaxMetaspaceSize=384m -XX:+HeapDumpOnOutOfMemoryError -Xms256m -Xmx512m -Dfile.encoding=windows-1252 -Duser.country=US -Duser.language=en -Duser.variant -javaagent:C:\Users\danie\.gradle\wrapper\dists\gradle-8.5-bin\5t9huq95ubn472n8rpzujfbqh\gradle-8.5\lib\agents\gradle-instrumentation-agent-8.5.jar org.gradle.launcher.daemon.bootstrap.GradleDaemon 8.5

Host: AMD Ryzen 5 5600H with Radeon Graphics         , 12 cores, 13G,  Windows 10 , 64 bit Build 19041 (10.0.19041.3636)
Time: Fri Jan 19 11:55:44 2024 Central Europe Standard Time elapsed time: 11.599174 seconds (0d 0h 0m 11s)

---------------  T H R E A D  ---------------

Current thread (0x000001f36d659000):  JavaThread "C2 CompilerThread1" daemon [_thread_in_native, id=18896, stack(0x00000032eee00000,0x00000032eef00000)]


Current CompileTask:
C2:  11599 3454       4       java.net.URLClassLoader$1::run (5 bytes)

Stack: [0x00000032eee00000,0x00000032eef00000]
Native frames: (J=compiled Java code, j=interpreted, Vv=VM code, C=native code)
V  [jvm.dll+0x64585a]
V  [jvm.dll+0x7d9bb9]
V  [jvm.dll+0x7db2b9]
V  [jvm.dll+0x7db9a3]
V  [jvm.dll+0x2694e5]
V  [jvm.dll+0xc1d7c]
V  [jvm.dll+0xc232c]
V  [jvm.dll+0x2db892]
V  [jvm.dll+0x550b27]
V  [jvm.dll+0x22a111]
V  [jvm.dll+0x223ab9]
V  [jvm.dll+0x220634]
V  [jvm.dll+0x19e521]
V  [jvm.dll+0x2305e9]
V  [jvm.dll+0x22e75f]
V  [jvm.dll+0x79ae51]
V  [jvm.dll+0x793b24]
V  [jvm.dll+0x644615]
C  [ucrtbase.dll+0x21bb2]
C  [KERNEL32.DLL+0x17344]
C  [ntdll.dll+0x526b1]


---------------  P R O C E S S  ---------------

Threads class SMR info:
_java_thread_list=0x000001f36fb8bd40, length=33, elements={
0x000001f34de5c000, 0x000001f369ad2800, 0x000001f369ad3800, 0x000001f36a359000,
0x000001f36a35c000, 0x000001f36a35d000, 0x000001f36a369800, 0x000001f36a36d800,
0x000001f36a379800, 0x000001f369a8c800, 0x000001f36dc79800, 0x000001f36bb57800,
0x000001f36b80e000, 0x000001f36c720800, 0x000001f36c98a800, 0x000001f36c897000,
0x000001f36c898000, 0x000001f36bd70800, 0x000001f36b6fd800, 0x000001f36d098000,
0x000001f36d094000, 0x000001f36d095000, 0x000001f36d095800, 0x000001f36d096800,
0x000001f36d097000, 0x000001f36d092800, 0x000001f36d099000, 0x000001f36d093000,
0x000001f36cb6e000, 0x000001f36cb6e800, 0x000001f36cb6b800, 0x000001f36d659000,
0x000001f36cb69000
}

Java Threads: ( => current thread )
  0x000001f34de5c000 JavaThread "main" [_thread_blocked, id=28016, stack(0x00000032ebd00000,0x00000032ebe00000)]
  0x000001f369ad2800 JavaThread "Reference Handler" daemon [_thread_blocked, id=32448, stack(0x00000032ec400000,0x00000032ec500000)]
  0x000001f369ad3800 JavaThread "Finalizer" daemon [_thread_blocked, id=32584, stack(0x00000032ec500000,0x00000032ec600000)]
  0x000001f36a359000 JavaThread "Signal Dispatcher" daemon [_thread_blocked, id=25408, stack(0x00000032ec600000,0x00000032ec700000)]
  0x000001f36a35c000 JavaThread "Attach Listener" daemon [_thread_blocked, id=14784, stack(0x00000032ec700000,0x00000032ec800000)]
  0x000001f36a35d000 JavaThread "Service Thread" daemon [_thread_blocked, id=36652, stack(0x00000032ec800000,0x00000032ec900000)]
  0x000001f36a369800 JavaThread "C2 CompilerThread0" daemon [_thread_in_native, id=16620, stack(0x00000032ec900000,0x00000032eca00000)]
  0x000001f36a36d800 JavaThread "C1 CompilerThread0" daemon [_thread_blocked, id=35344, stack(0x00000032eca00000,0x00000032ecb00000)]
  0x000001f36a379800 JavaThread "Sweeper thread" daemon [_thread_blocked, id=23604, stack(0x00000032ecb00000,0x00000032ecc00000)]
  0x000001f369a8c800 JavaThread "Common-Cleaner" daemon [_thread_blocked, id=12324, stack(0x00000032ecc00000,0x00000032ecd00000)]
  0x000001f36dc79800 JavaThread "Daemon health stats" [_thread_blocked, id=36936, stack(0x00000032ed400000,0x00000032ed500000)]
  0x000001f36bb57800 JavaThread "Incoming local TCP Connector on port 60822" [_thread_in_native, id=35812, stack(0x00000032ecd00000,0x00000032ece00000)]
  0x000001f36b80e000 JavaThread "Daemon periodic checks" [_thread_blocked, id=32316, stack(0x00000032ed500000,0x00000032ed600000)]
  0x000001f36c720800 JavaThread "Daemon" [_thread_blocked, id=33708, stack(0x00000032ed600000,0x00000032ed700000)]
  0x000001f36c98a800 JavaThread "Handler for socket connection from /127.0.0.1:60822 to /127.0.0.1:60824" [_thread_in_native, id=34728, stack(0x00000032ed700000,0x00000032ed800000)]
  0x000001f36c897000 JavaThread "Cancel handler" [_thread_blocked, id=32880, stack(0x00000032ed800000,0x00000032ed900000)]
  0x000001f36c898000 JavaThread "Daemon worker" [_thread_in_Java, id=7492, stack(0x00000032ed900000,0x00000032eda00000)]
  0x000001f36bd70800 JavaThread "Asynchronous log dispatcher for DefaultDaemonConnection: socket connection from /127.0.0.1:60822 to /127.0.0.1:60824" [_thread_blocked, id=36600, stack(0x00000032eda00000,0x00000032edb00000)]
  0x000001f36b6fd800 JavaThread "Stdin handler" [_thread_blocked, id=33096, stack(0x00000032edc00000,0x00000032edd00000)]
  0x000001f36d098000 JavaThread "Daemon client event forwarder" [_thread_blocked, id=28764, stack(0x00000032edd00000,0x00000032ede00000)]
  0x000001f36d094000 JavaThread "Cache worker for journal cache (C:\Users\danie\.gradle\caches\journal-1)" [_thread_blocked, id=28756, stack(0x00000032ee300000,0x00000032ee400000)]
  0x000001f36d095000 JavaThread "File lock request listener" [_thread_in_native, id=18212, stack(0x00000032ee400000,0x00000032ee500000)]
  0x000001f36d095800 JavaThread "Cache worker for file hash cache (C:\Users\danie\.gradle\caches\8.5\fileHashes)" [_thread_blocked, id=22996, stack(0x00000032ee600000,0x00000032ee700000)]
  0x000001f36d096800 JavaThread "File watcher server" daemon [_thread_in_native, id=30928, stack(0x00000032ee700000,0x00000032ee800000)]
  0x000001f36d097000 JavaThread "File watcher consumer" daemon [_thread_blocked, id=12504, stack(0x00000032ee800000,0x00000032ee900000)]
  0x000001f36d092800 JavaThread "Cache worker for checksums cache (C:\Users\danie\IdeaProjects\myWeb\.gradle\8.5\checksums)" [_thread_blocked, id=17548, stack(0x00000032ee900000,0x00000032eea00000)]
  0x000001f36d099000 JavaThread "Cache worker for file hash cache (C:\Users\danie\IdeaProjects\myWeb\.gradle\8.5\fileHashes)" [_thread_blocked, id=19792, stack(0x00000032eea00000,0x00000032eeb00000)]
  0x000001f36d093000 JavaThread "Cache worker for cache directory md-supplier (C:\Users\danie\.gradle\caches\8.5\md-supplier)" [_thread_blocked, id=16668, stack(0x00000032eeb00000,0x00000032eec00000)]
  0x000001f36cb6e000 JavaThread "Cache worker for cache directory md-rule (C:\Users\danie\.gradle\caches\8.5\md-rule)" [_thread_blocked, id=16948, stack(0x00000032eec00000,0x00000032eed00000)]
  0x000001f36cb6e800 JavaThread "Cache worker for file content cache (C:\Users\danie\.gradle\caches\8.5\fileContent)" [_thread_blocked, id=25660, stack(0x00000032ee500000,0x00000032ee600000)]
  0x000001f36cb6b800 JavaThread "Cache worker for execution history cache (C:\Users\danie\.gradle\caches\8.5\executionHistory)" [_thread_blocked, id=26076, stack(0x00000032eed00000,0x00000032eee00000)]
=>0x000001f36d659000 JavaThread "C2 CompilerThread1" daemon [_thread_in_native, id=18896, stack(0x00000032eee00000,0x00000032eef00000)]
  0x000001f36cb69000 JavaThread "Cache worker for kotlin-dsl (C:\Users\danie\.gradle\caches\8.5\kotlin-dsl)" [_thread_blocked, id=33880, stack(0x00000032eef00000,0x00000032ef000000)]

Other Threads:
  0x000001f369af8000 VMThread "VM Thread" [stack: 0x00000032ec300000,0x00000032ec400000] [id=16960]
  0x000001f36a874800 WatcherThread [stack: 0x00000032ece00000,0x00000032ecf00000] [id=28288]
  0x000001f34de75800 GCTaskThread "GC Thread#0" [stack: 0x00000032ebe00000,0x00000032ebf00000] [id=35740]
  0x000001f36a6d1800 GCTaskThread "GC Thread#1" [stack: 0x00000032ecf00000,0x00000032ed000000] [id=26372]
  0x000001f36aea0000 GCTaskThread "GC Thread#2" [stack: 0x00000032ed000000,0x00000032ed100000] [id=35852]
  0x000001f36b539800 GCTaskThread "GC Thread#3" [stack: 0x00000032ed100000,0x00000032ed200000] [id=18600]
  0x000001f36b3e3800 GCTaskThread "GC Thread#4" [stack: 0x00000032ed200000,0x00000032ed300000] [id=21720]
  0x000001f36b3e4000 GCTaskThread "GC Thread#5" [stack: 0x00000032ed300000,0x00000032ed400000] [id=12104]
  0x000001f36b245800 GCTaskThread "GC Thread#6" [stack: 0x00000032edb00000,0x00000032edc00000] [id=29028]
  0x000001f36c54c800 GCTaskThread "GC Thread#7" [stack: 0x00000032ede00000,0x00000032edf00000] [id=16260]
  0x000001f36bc75000 GCTaskThread "GC Thread#8" [stack: 0x00000032edf00000,0x00000032ee000000] [id=16632]
  0x000001f36b8a9800 GCTaskThread "GC Thread#9" [stack: 0x00000032ee000000,0x00000032ee100000] [id=24212]
  0x000001f34de87000 ConcurrentGCThread "G1 Main Marker" [stack: 0x00000032ebf00000,0x00000032ec000000] [id=8624]
  0x000001f34de89000 ConcurrentGCThread "G1 Conc#0" [stack: 0x00000032ec000000,0x00000032ec100000] [id=32860]
  0x000001f36b67f000 ConcurrentGCThread "G1 Conc#1" [stack: 0x00000032ee100000,0x00000032ee200000] [id=21432]
  0x000001f36b0f3000 ConcurrentGCThread "G1 Conc#2" [stack: 0x00000032ee200000,0x00000032ee300000] [id=18456]
  0x000001f369968800 ConcurrentGCThread "G1 Refine#0" [stack: 0x00000032ec100000,0x00000032ec200000] [id=21052]
  0x000001f34df2e000 ConcurrentGCThread "G1 Young RemSet Sampling" [stack: 0x00000032ec200000,0x00000032ec300000] [id=9200]

Threads with active compile tasks:
C2 CompilerThread0    11664 3288       4       java.lang.invoke.MethodType::makeImpl (108 bytes)
C2 CompilerThread1    11664 3454       4       java.net.URLClassLoader$1::run (5 bytes)

VM state:not at safepoint (normal execution)

VM Mutex/Monitor currently owned by a thread: None

Heap address: 0x00000000e0000000, size: 512 MB, Compressed Oops mode: 32-bit
Narrow klass base: 0x0000000000000000, Narrow klass shift: 3
Compressed class space size: 394264576 Address: 0x0000000100000000

Heap:
 garbage-first heap   total 262144K, used 79360K [0x00000000e0000000, 0x0000000100000000)
  region size 1024K, 62 young (63488K), 6 survivors (6144K)
 Metaspace       used 40539K, capacity 41656K, committed 41936K, reserved 421888K
  class space    used 5193K, capacity 5628K, committed 5680K, reserved 385024K
Heap Regions: E=young(eden), S=young(survivor), O=old, HS=humongous(starts), HC=humongous(continues), CS=collection set, F=free, A=archive, TAMS=top-at-mark-start (previous, next)
|   0|0x00000000e0000000, 0x00000000e0100000, 0x00000000e0100000|100%|HS|  |TAMS 0x00000000e0100000, 0x00000000e0000000| Complete 
|   1|0x00000000e0100000, 0x00000000e0200000, 0x00000000e0200000|100%|HC|  |TAMS 0x00000000e0200000, 0x00000000e0100000| Complete 
|   2|0x00000000e0200000, 0x00000000e0300000, 0x00000000e0300000|100%|HC|  |TAMS 0x00000000e0300000, 0x00000000e0200000| Complete 
|   3|0x00000000e0300000, 0x00000000e0400000, 0x00000000e0400000|100%|HC|  |TAMS 0x00000000e0400000, 0x00000000e0300000| Complete 
|   4|0x00000000e0400000, 0x00000000e0500000, 0x00000000e0500000|100%| O|  |TAMS 0x00000000e0500000, 0x00000000e0400000| Untracked 
|   5|0x00000000e0500000, 0x00000000e0600000, 0x00000000e0600000|100%| O|  |TAMS 0x00000000e0600000, 0x00000000e0500000| Untracked 
|   6|0x00000000e0600000, 0x00000000e0700000, 0x00000000e0700000|100%| O|  |TAMS 0x00000000e0700000, 0x00000000e0600000| Untracked 
|   7|0x00000000e0700000, 0x00000000e0800000, 0x00000000e0800000|100%| O|  |TAMS 0x00000000e0800000, 0x00000000e0700000| Untracked 
|   8|0x00000000e0800000, 0x00000000e0900000, 0x00000000e0900000|100%| O|  |TAMS 0x00000000e0900000, 0x00000000e0800000| Untracked 
|   9|0x00000000e0900000, 0x00000000e0a00000, 0x00000000e0a00000|100%| O|  |TAMS 0x00000000e0a00000, 0x00000000e0900000| Untracked 
|  10|0x00000000e0a00000, 0x00000000e0b00000, 0x00000000e0b00000|100%| O|  |TAMS 0x00000000e0b00000, 0x00000000e0a00000| Untracked 
|  11|0x00000000e0b00000, 0x00000000e0c00000, 0x00000000e0c00000|100%| O|  |TAMS 0x00000000e0c00000, 0x00000000e0b00000| Untracked 
|  12|0x00000000e0c00000, 0x00000000e0d00000, 0x00000000e0d00000|100%| O|  |TAMS 0x00000000e0d00000, 0x00000000e0c00000| Untracked 
|  13|0x00000000e0d00000, 0x00000000e0e00000, 0x00000000e0e00000|100%| O|  |TAMS 0x00000000e0e00000, 0x00000000e0d00000| Untracked 
|  14|0x00000000e0e00000, 0x00000000e0f00000, 0x00000000e0f00000|100%| O|  |TAMS 0x00000000e0f00000, 0x00000000e0e00000| Untracked 
|  15|0x00000000e0f00000, 0x00000000e1000000, 0x00000000e1000000|100%| O|  |TAMS 0x00000000e1000000, 0x00000000e0f00000| Untracked 
|  16|0x00000000e1000000, 0x00000000e1100000, 0x00000000e1100000|100%| O|  |TAMS 0x00000000e1100000, 0x00000000e1000000| Untracked 
|  17|0x00000000e1100000, 0x00000000e1200000, 0x00000000e1200000|100%| O|  |TAMS 0x00000000e1200000, 0x00000000e1100000| Untracked 
|  18|0x00000000e1200000, 0x00000000e125d400, 0x00000000e1300000| 36%| O|  |TAMS 0x00000000e125d400, 0x00000000e1200000| Untracked 
|  19|0x00000000e1300000, 0x00000000e1300000, 0x00000000e1400000|  0%| F|  |TAMS 0x00000000e1300000, 0x00000000e1300000| Untracked 
|  20|0x00000000e1400000, 0x00000000e1400000, 0x00000000e1500000|  0%| F|  |TAMS 0x00000000e1400000, 0x00000000e1400000| Untracked 
|  21|0x00000000e1500000, 0x00000000e1500000, 0x00000000e1600000|  0%| F|  |TAMS 0x00000000e1500000, 0x00000000e1500000| Untracked 
|  22|0x00000000e1600000, 0x00000000e1600000, 0x00000000e1700000|  0%| F|  |TAMS 0x00000000e1600000, 0x00000000e1600000| Untracked 
|  23|0x00000000e1700000, 0x00000000e1700000, 0x00000000e1800000|  0%| F|  |TAMS 0x00000000e1700000, 0x00000000e1700000| Untracked 
|  24|0x00000000e1800000, 0x00000000e1800000, 0x00000000e1900000|  0%| F|  |TAMS 0x00000000e1800000, 0x00000000e1800000| Untracked 
|  25|0x00000000e1900000, 0x00000000e1900000, 0x00000000e1a00000|  0%| F|  |TAMS 0x00000000e1900000, 0x00000000e1900000| Untracked 
|  26|0x00000000e1a00000, 0x00000000e1a00000, 0x00000000e1b00000|  0%| F|  |TAMS 0x00000000e1a00000, 0x00000000e1a00000| Untracked 
|  27|0x00000000e1b00000, 0x00000000e1b00000, 0x00000000e1c00000|  0%| F|  |TAMS 0x00000000e1b00000, 0x00000000e1b00000| Untracked 
|  28|0x00000000e1c00000, 0x00000000e1c00000, 0x00000000e1d00000|  0%| F|  |TAMS 0x00000000e1c00000, 0x00000000e1c00000| Untracked 
|  29|0x00000000e1d00000, 0x00000000e1d00000, 0x00000000e1e00000|  0%| F|  |TAMS 0x00000000e1d00000, 0x00000000e1d00000| Untracked 
|  30|0x00000000e1e00000, 0x00000000e1e00000, 0x00000000e1f00000|  0%| F|  |TAMS 0x00000000e1e00000, 0x00000000e1e00000| Untracked 
|  31|0x00000000e1f00000, 0x00000000e1f00000, 0x00000000e2000000|  0%| F|  |TAMS 0x00000000e1f00000, 0x00000000e1f00000| Untracked 
|  32|0x00000000e2000000, 0x00000000e2000000, 0x00000000e2100000|  0%| F|  |TAMS 0x00000000e2000000, 0x00000000e2000000| Untracked 
|  33|0x00000000e2100000, 0x00000000e2100000, 0x00000000e2200000|  0%| F|  |TAMS 0x00000000e2100000, 0x00000000e2100000| Untracked 
|  34|0x00000000e2200000, 0x00000000e2200000, 0x00000000e2300000|  0%| F|  |TAMS 0x00000000e2200000, 0x00000000e2200000| Untracked 
|  35|0x00000000e2300000, 0x00000000e2300000, 0x00000000e2400000|  0%| F|  |TAMS 0x00000000e2300000, 0x00000000e2300000| Untracked 
|  36|0x00000000e2400000, 0x00000000e2400000, 0x00000000e2500000|  0%| F|  |TAMS 0x00000000e2400000, 0x00000000e2400000| Untracked 
|  37|0x00000000e2500000, 0x00000000e2500000, 0x00000000e2600000|  0%| F|  |TAMS 0x00000000e2500000, 0x00000000e2500000| Untracked 
|  38|0x00000000e2600000, 0x00000000e2600000, 0x00000000e2700000|  0%| F|  |TAMS 0x00000000e2600000, 0x00000000e2600000| Untracked 
|  39|0x00000000e2700000, 0x00000000e2700000, 0x00000000e2800000|  0%| F|  |TAMS 0x00000000e2700000, 0x00000000e2700000| Untracked 
|  40|0x00000000e2800000, 0x00000000e2800000, 0x00000000e2900000|  0%| F|  |TAMS 0x00000000e2800000, 0x00000000e2800000| Untracked 
|  41|0x00000000e2900000, 0x00000000e2900000, 0x00000000e2a00000|  0%| F|  |TAMS 0x00000000e2900000, 0x00000000e2900000| Untracked 
|  42|0x00000000e2a00000, 0x00000000e2a00000, 0x00000000e2b00000|  0%| F|  |TAMS 0x00000000e2a00000, 0x00000000e2a00000| Untracked 
|  43|0x00000000e2b00000, 0x00000000e2b00000, 0x00000000e2c00000|  0%| F|  |TAMS 0x00000000e2b00000, 0x00000000e2b00000| Untracked 
|  44|0x00000000e2c00000, 0x00000000e2c00000, 0x00000000e2d00000|  0%| F|  |TAMS 0x00000000e2c00000, 0x00000000e2c00000| Untracked 
|  45|0x00000000e2d00000, 0x00000000e2d00000, 0x00000000e2e00000|  0%| F|  |TAMS 0x00000000e2d00000, 0x00000000e2d00000| Untracked 
|  46|0x00000000e2e00000, 0x00000000e2e00000, 0x00000000e2f00000|  0%| F|  |TAMS 0x00000000e2e00000, 0x00000000e2e00000| Untracked 
|  47|0x00000000e2f00000, 0x00000000e2f00000, 0x00000000e3000000|  0%| F|  |TAMS 0x00000000e2f00000, 0x00000000e2f00000| Untracked 
|  48|0x00000000e3000000, 0x00000000e3000000, 0x00000000e3100000|  0%| F|  |TAMS 0x00000000e3000000, 0x00000000e3000000| Untracked 
|  49|0x00000000e3100000, 0x00000000e3100000, 0x00000000e3200000|  0%| F|  |TAMS 0x00000000e3100000, 0x00000000e3100000| Untracked 
|  50|0x00000000e3200000, 0x00000000e3200000, 0x00000000e3300000|  0%| F|  |TAMS 0x00000000e3200000, 0x00000000e3200000| Untracked 
|  51|0x00000000e3300000, 0x00000000e3300000, 0x00000000e3400000|  0%| F|  |TAMS 0x00000000e3300000, 0x00000000e3300000| Untracked 
|  52|0x00000000e3400000, 0x00000000e3400000, 0x00000000e3500000|  0%| F|  |TAMS 0x00000000e3400000, 0x00000000e3400000| Untracked 
|  53|0x00000000e3500000, 0x00000000e3500000, 0x00000000e3600000|  0%| F|  |TAMS 0x00000000e3500000, 0x00000000e3500000| Untracked 
|  54|0x00000000e3600000, 0x00000000e3600000, 0x00000000e3700000|  0%| F|  |TAMS 0x00000000e3600000, 0x00000000e3600000| Untracked 
|  55|0x00000000e3700000, 0x00000000e3700000, 0x00000000e3800000|  0%| F|  |TAMS 0x00000000e3700000, 0x00000000e3700000| Untracked 
|  56|0x00000000e3800000, 0x00000000e3800000, 0x00000000e3900000|  0%| F|  |TAMS 0x00000000e3800000, 0x00000000e3800000| Untracked 
|  57|0x00000000e3900000, 0x00000000e3900000, 0x00000000e3a00000|  0%| F|  |TAMS 0x00000000e3900000, 0x00000000e3900000| Untracked 
|  58|0x00000000e3a00000, 0x00000000e3a00000, 0x00000000e3b00000|  0%| F|  |TAMS 0x00000000e3a00000, 0x00000000e3a00000| Untracked 
|  59|0x00000000e3b00000, 0x00000000e3b00000, 0x00000000e3c00000|  0%| F|  |TAMS 0x00000000e3b00000, 0x00000000e3b00000| Untracked 
|  60|0x00000000e3c00000, 0x00000000e3c00000, 0x00000000e3d00000|  0%| F|  |TAMS 0x00000000e3c00000, 0x00000000e3c00000| Untracked 
|  61|0x00000000e3d00000, 0x00000000e3d00000, 0x00000000e3e00000|  0%| F|  |TAMS 0x00000000e3d00000, 0x00000000e3d00000| Untracked 
|  62|0x00000000e3e00000, 0x00000000e3e00000, 0x00000000e3f00000|  0%| F|  |TAMS 0x00000000e3e00000, 0x00000000e3e00000| Untracked 
|  63|0x00000000e3f00000, 0x00000000e3f00000, 0x00000000e4000000|  0%| F|  |TAMS 0x00000000e3f00000, 0x00000000e3f00000| Untracked 
|  64|0x00000000e4000000, 0x00000000e4000000, 0x00000000e4100000|  0%| F|  |TAMS 0x00000000e4000000, 0x00000000e4000000| Untracked 
|  65|0x00000000e4100000, 0x00000000e4100000, 0x00000000e4200000|  0%| F|  |TAMS 0x00000000e4100000, 0x00000000e4100000| Untracked 
|  66|0x00000000e4200000, 0x00000000e4200000, 0x00000000e4300000|  0%| F|  |TAMS 0x00000000e4200000, 0x00000000e4200000| Untracked 
|  67|0x00000000e4300000, 0x00000000e4300000, 0x00000000e4400000|  0%| F|  |TAMS 0x00000000e4300000, 0x00000000e4300000| Untracked 
|  68|0x00000000e4400000, 0x00000000e4400000, 0x00000000e4500000|  0%| F|  |TAMS 0x00000000e4400000, 0x00000000e4400000| Untracked 
|  69|0x00000000e4500000, 0x00000000e4500000, 0x00000000e4600000|  0%| F|  |TAMS 0x00000000e4500000, 0x00000000e4500000| Untracked 
|  70|0x00000000e4600000, 0x00000000e4600000, 0x00000000e4700000|  0%| F|  |TAMS 0x00000000e4600000, 0x00000000e4600000| Untracked 
|  71|0x00000000e4700000, 0x00000000e4700000, 0x00000000e4800000|  0%| F|  |TAMS 0x00000000e4700000, 0x00000000e4700000| Untracked 
|  72|0x00000000e4800000, 0x00000000e4800000, 0x00000000e4900000|  0%| F|  |TAMS 0x00000000e4800000, 0x00000000e4800000| Untracked 
|  73|0x00000000e4900000, 0x00000000e4900000, 0x00000000e4a00000|  0%| F|  |TAMS 0x00000000e4900000, 0x00000000e4900000| Untracked 
|  74|0x00000000e4a00000, 0x00000000e4a00000, 0x00000000e4b00000|  0%| F|  |TAMS 0x00000000e4a00000, 0x00000000e4a00000| Untracked 
|  75|0x00000000e4b00000, 0x00000000e4b00000, 0x00000000e4c00000|  0%| F|  |TAMS 0x00000000e4b00000, 0x00000000e4b00000| Untracked 
|  76|0x00000000e4c00000, 0x00000000e4c00000, 0x00000000e4d00000|  0%| F|  |TAMS 0x00000000e4c00000, 0x00000000e4c00000| Untracked 
|  77|0x00000000e4d00000, 0x00000000e4d00000, 0x00000000e4e00000|  0%| F|  |TAMS 0x00000000e4d00000, 0x00000000e4d00000| Untracked 
|  78|0x00000000e4e00000, 0x00000000e4e00000, 0x00000000e4f00000|  0%| F|  |TAMS 0x00000000e4e00000, 0x00000000e4e00000| Untracked 
|  79|0x00000000e4f00000, 0x00000000e4f00000, 0x00000000e5000000|  0%| F|  |TAMS 0x00000000e4f00000, 0x00000000e4f00000| Untracked 
|  80|0x00000000e5000000, 0x00000000e5000000, 0x00000000e5100000|  0%| F|  |TAMS 0x00000000e5000000, 0x00000000e5000000| Untracked 
|  81|0x00000000e5100000, 0x00000000e5100000, 0x00000000e5200000|  0%| F|  |TAMS 0x00000000e5100000, 0x00000000e5100000| Untracked 
|  82|0x00000000e5200000, 0x00000000e5200000, 0x00000000e5300000|  0%| F|  |TAMS 0x00000000e5200000, 0x00000000e5200000| Untracked 
|  83|0x00000000e5300000, 0x00000000e5300000, 0x00000000e5400000|  0%| F|  |TAMS 0x00000000e5300000, 0x00000000e5300000| Untracked 
|  84|0x00000000e5400000, 0x00000000e5400000, 0x00000000e5500000|  0%| F|  |TAMS 0x00000000e5400000, 0x00000000e5400000| Untracked 
|  85|0x00000000e5500000, 0x00000000e5500000, 0x00000000e5600000|  0%| F|  |TAMS 0x00000000e5500000, 0x00000000e5500000| Untracked 
|  86|0x00000000e5600000, 0x00000000e5600000, 0x00000000e5700000|  0%| F|  |TAMS 0x00000000e5600000, 0x00000000e5600000| Untracked 
|  87|0x00000000e5700000, 0x00000000e5700000, 0x00000000e5800000|  0%| F|  |TAMS 0x00000000e5700000, 0x00000000e5700000| Untracked 
|  88|0x00000000e5800000, 0x00000000e5800000, 0x00000000e5900000|  0%| F|  |TAMS 0x00000000e5800000, 0x00000000e5800000| Untracked 
|  89|0x00000000e5900000, 0x00000000e5900000, 0x00000000e5a00000|  0%| F|  |TAMS 0x00000000e5900000, 0x00000000e5900000| Untracked 
|  90|0x00000000e5a00000, 0x00000000e5a00000, 0x00000000e5b00000|  0%| F|  |TAMS 0x00000000e5a00000, 0x00000000e5a00000| Untracked 
|  91|0x00000000e5b00000, 0x00000000e5b00000, 0x00000000e5c00000|  0%| F|  |TAMS 0x00000000e5b00000, 0x00000000e5b00000| Untracked 
|  92|0x00000000e5c00000, 0x00000000e5c00000, 0x00000000e5d00000|  0%| F|  |TAMS 0x00000000e5c00000, 0x00000000e5c00000| Untracked 
|  93|0x00000000e5d00000, 0x00000000e5d00000, 0x00000000e5e00000|  0%| F|  |TAMS 0x00000000e5d00000, 0x00000000e5d00000| Untracked 
|  94|0x00000000e5e00000, 0x00000000e5e00000, 0x00000000e5f00000|  0%| F|  |TAMS 0x00000000e5e00000, 0x00000000e5e00000| Untracked 
|  95|0x00000000e5f00000, 0x00000000e5f00000, 0x00000000e6000000|  0%| F|  |TAMS 0x00000000e5f00000, 0x00000000e5f00000| Untracked 
|  96|0x00000000e6000000, 0x00000000e6000000, 0x00000000e6100000|  0%| F|  |TAMS 0x00000000e6000000, 0x00000000e6000000| Untracked 
|  97|0x00000000e6100000, 0x00000000e6100000, 0x00000000e6200000|  0%| F|  |TAMS 0x00000000e6100000, 0x00000000e6100000| Untracked 
|  98|0x00000000e6200000, 0x00000000e6200000, 0x00000000e6300000|  0%| F|  |TAMS 0x00000000e6200000, 0x00000000e6200000| Untracked 
|  99|0x00000000e6300000, 0x00000000e6300000, 0x00000000e6400000|  0%| F|  |TAMS 0x00000000e6300000, 0x00000000e6300000| Untracked 
| 100|0x00000000e6400000, 0x00000000e6400000, 0x00000000e6500000|  0%| F|  |TAMS 0x00000000e6400000, 0x00000000e6400000| Untracked 
| 101|0x00000000e6500000, 0x00000000e6500000, 0x00000000e6600000|  0%| F|  |TAMS 0x00000000e6500000, 0x00000000e6500000| Untracked 
| 102|0x00000000e6600000, 0x00000000e6600000, 0x00000000e6700000|  0%| F|  |TAMS 0x00000000e6600000, 0x00000000e6600000| Untracked 
| 103|0x00000000e6700000, 0x00000000e6700000, 0x00000000e6800000|  0%| F|  |TAMS 0x00000000e6700000, 0x00000000e6700000| Untracked 
| 104|0x00000000e6800000, 0x00000000e6800000, 0x00000000e6900000|  0%| F|  |TAMS 0x00000000e6800000, 0x00000000e6800000| Untracked 
| 105|0x00000000e6900000, 0x00000000e6900000, 0x00000000e6a00000|  0%| F|  |TAMS 0x00000000e6900000, 0x00000000e6900000| Untracked 
| 106|0x00000000e6a00000, 0x00000000e6a00000, 0x00000000e6b00000|  0%| F|  |TAMS 0x00000000e6a00000, 0x00000000e6a00000| Untracked 
| 107|0x00000000e6b00000, 0x00000000e6b00000, 0x00000000e6c00000|  0%| F|  |TAMS 0x00000000e6b00000, 0x00000000e6b00000| Untracked 
| 108|0x00000000e6c00000, 0x00000000e6c00000, 0x00000000e6d00000|  0%| F|  |TAMS 0x00000000e6c00000, 0x00000000e6c00000| Untracked 
| 109|0x00000000e6d00000, 0x00000000e6d00000, 0x00000000e6e00000|  0%| F|  |TAMS 0x00000000e6d00000, 0x00000000e6d00000| Untracked 
| 110|0x00000000e6e00000, 0x00000000e6e00000, 0x00000000e6f00000|  0%| F|  |TAMS 0x00000000e6e00000, 0x00000000e6e00000| Untracked 
| 111|0x00000000e6f00000, 0x00000000e6f00000, 0x00000000e7000000|  0%| F|  |TAMS 0x00000000e6f00000, 0x00000000e6f00000| Untracked 
| 112|0x00000000e7000000, 0x00000000e7000000, 0x00000000e7100000|  0%| F|  |TAMS 0x00000000e7000000, 0x00000000e7000000| Untracked 
| 113|0x00000000e7100000, 0x00000000e7100000, 0x00000000e7200000|  0%| F|  |TAMS 0x00000000e7100000, 0x00000000e7100000| Untracked 
| 114|0x00000000e7200000, 0x00000000e7200000, 0x00000000e7300000|  0%| F|  |TAMS 0x00000000e7200000, 0x00000000e7200000| Untracked 
| 115|0x00000000e7300000, 0x00000000e7300000, 0x00000000e7400000|  0%| F|  |TAMS 0x00000000e7300000, 0x00000000e7300000| Untracked 
| 116|0x00000000e7400000, 0x00000000e7400000, 0x00000000e7500000|  0%| F|  |TAMS 0x00000000e7400000, 0x00000000e7400000| Untracked 
| 117|0x00000000e7500000, 0x00000000e7500000, 0x00000000e7600000|  0%| F|  |TAMS 0x00000000e7500000, 0x00000000e7500000| Untracked 
| 118|0x00000000e7600000, 0x00000000e7600000, 0x00000000e7700000|  0%| F|  |TAMS 0x00000000e7600000, 0x00000000e7600000| Untracked 
| 119|0x00000000e7700000, 0x00000000e7700000, 0x00000000e7800000|  0%| F|  |TAMS 0x00000000e7700000, 0x00000000e7700000| Untracked 
| 120|0x00000000e7800000, 0x00000000e7800000, 0x00000000e7900000|  0%| F|  |TAMS 0x00000000e7800000, 0x00000000e7800000| Untracked 
| 121|0x00000000e7900000, 0x00000000e7900000, 0x00000000e7a00000|  0%| F|  |TAMS 0x00000000e7900000, 0x00000000e7900000| Untracked 
| 122|0x00000000e7a00000, 0x00000000e7a00000, 0x00000000e7b00000|  0%| F|  |TAMS 0x00000000e7a00000, 0x00000000e7a00000| Untracked 
| 123|0x00000000e7b00000, 0x00000000e7b00000, 0x00000000e7c00000|  0%| F|  |TAMS 0x00000000e7b00000, 0x00000000e7b00000| Untracked 
| 124|0x00000000e7c00000, 0x00000000e7c00000, 0x00000000e7d00000|  0%| F|  |TAMS 0x00000000e7c00000, 0x00000000e7c00000| Untracked 
| 125|0x00000000e7d00000, 0x00000000e7d00000, 0x00000000e7e00000|  0%| F|  |TAMS 0x00000000e7d00000, 0x00000000e7d00000| Untracked 
| 126|0x00000000e7e00000, 0x00000000e7e00000, 0x00000000e7f00000|  0%| F|  |TAMS 0x00000000e7e00000, 0x00000000e7e00000| Untracked 
| 127|0x00000000e7f00000, 0x00000000e7f00000, 0x00000000e8000000|  0%| F|  |TAMS 0x00000000e7f00000, 0x00000000e7f00000| Untracked 
| 128|0x00000000e8000000, 0x00000000e8000000, 0x00000000e8100000|  0%| F|  |TAMS 0x00000000e8000000, 0x00000000e8000000| Untracked 
| 129|0x00000000e8100000, 0x00000000e8100000, 0x00000000e8200000|  0%| F|  |TAMS 0x00000000e8100000, 0x00000000e8100000| Untracked 
| 130|0x00000000e8200000, 0x00000000e8200000, 0x00000000e8300000|  0%| F|  |TAMS 0x00000000e8200000, 0x00000000e8200000| Untracked 
| 131|0x00000000e8300000, 0x00000000e8300000, 0x00000000e8400000|  0%| F|  |TAMS 0x00000000e8300000, 0x00000000e8300000| Untracked 
| 132|0x00000000e8400000, 0x00000000e8400000, 0x00000000e8500000|  0%| F|  |TAMS 0x00000000e8400000, 0x00000000e8400000| Untracked 
| 133|0x00000000e8500000, 0x00000000e8500000, 0x00000000e8600000|  0%| F|  |TAMS 0x00000000e8500000, 0x00000000e8500000| Untracked 
| 134|0x00000000e8600000, 0x00000000e8600000, 0x00000000e8700000|  0%| F|  |TAMS 0x00000000e8600000, 0x00000000e8600000| Untracked 
| 135|0x00000000e8700000, 0x00000000e8700000, 0x00000000e8800000|  0%| F|  |TAMS 0x00000000e8700000, 0x00000000e8700000| Untracked 
| 136|0x00000000e8800000, 0x00000000e8800000, 0x00000000e8900000|  0%| F|  |TAMS 0x00000000e8800000, 0x00000000e8800000| Untracked 
| 137|0x00000000e8900000, 0x00000000e8900000, 0x00000000e8a00000|  0%| F|  |TAMS 0x00000000e8900000, 0x00000000e8900000| Untracked 
| 138|0x00000000e8a00000, 0x00000000e8a00000, 0x00000000e8b00000|  0%| F|  |TAMS 0x00000000e8a00000, 0x00000000e8a00000| Untracked 
| 139|0x00000000e8b00000, 0x00000000e8b00000, 0x00000000e8c00000|  0%| F|  |TAMS 0x00000000e8b00000, 0x00000000e8b00000| Untracked 
| 140|0x00000000e8c00000, 0x00000000e8c00000, 0x00000000e8d00000|  0%| F|  |TAMS 0x00000000e8c00000, 0x00000000e8c00000| Untracked 
| 141|0x00000000e8d00000, 0x00000000e8d00000, 0x00000000e8e00000|  0%| F|  |TAMS 0x00000000e8d00000, 0x00000000e8d00000| Untracked 
| 142|0x00000000e8e00000, 0x00000000e8e00000, 0x00000000e8f00000|  0%| F|  |TAMS 0x00000000e8e00000, 0x00000000e8e00000| Untracked 
| 143|0x00000000e8f00000, 0x00000000e8f00000, 0x00000000e9000000|  0%| F|  |TAMS 0x00000000e8f00000, 0x00000000e8f00000| Untracked 
| 144|0x00000000e9000000, 0x00000000e9000000, 0x00000000e9100000|  0%| F|  |TAMS 0x00000000e9000000, 0x00000000e9000000| Untracked 
| 145|0x00000000e9100000, 0x00000000e9100000, 0x00000000e9200000|  0%| F|  |TAMS 0x00000000e9100000, 0x00000000e9100000| Untracked 
| 146|0x00000000e9200000, 0x00000000e9200000, 0x00000000e9300000|  0%| F|  |TAMS 0x00000000e9200000, 0x00000000e9200000| Untracked 
| 147|0x00000000e9300000, 0x00000000e9300000, 0x00000000e9400000|  0%| F|  |TAMS 0x00000000e9300000, 0x00000000e9300000| Untracked 
| 148|0x00000000e9400000, 0x00000000e9400000, 0x00000000e9500000|  0%| F|  |TAMS 0x00000000e9400000, 0x00000000e9400000| Untracked 
| 149|0x00000000e9500000, 0x00000000e9500000, 0x00000000e9600000|  0%| F|  |TAMS 0x00000000e9500000, 0x00000000e9500000| Untracked 
| 150|0x00000000e9600000, 0x00000000e9600000, 0x00000000e9700000|  0%| F|  |TAMS 0x00000000e9600000, 0x00000000e9600000| Untracked 
| 151|0x00000000e9700000, 0x00000000e9700000, 0x00000000e9800000|  0%| F|  |TAMS 0x00000000e9700000, 0x00000000e9700000| Untracked 
| 152|0x00000000e9800000, 0x00000000e9800000, 0x00000000e9900000|  0%| F|  |TAMS 0x00000000e9800000, 0x00000000e9800000| Untracked 
| 153|0x00000000e9900000, 0x00000000e9900000, 0x00000000e9a00000|  0%| F|  |TAMS 0x00000000e9900000, 0x00000000e9900000| Untracked 
| 154|0x00000000e9a00000, 0x00000000e9a00000, 0x00000000e9b00000|  0%| F|  |TAMS 0x00000000e9a00000, 0x00000000e9a00000| Untracked 
| 155|0x00000000e9b00000, 0x00000000e9b00000, 0x00000000e9c00000|  0%| F|  |TAMS 0x00000000e9b00000, 0x00000000e9b00000| Untracked 
| 156|0x00000000e9c00000, 0x00000000e9c00000, 0x00000000e9d00000|  0%| F|  |TAMS 0x00000000e9c00000, 0x00000000e9c00000| Untracked 
| 157|0x00000000e9d00000, 0x00000000e9d00000, 0x00000000e9e00000|  0%| F|  |TAMS 0x00000000e9d00000, 0x00000000e9d00000| Untracked 
| 158|0x00000000e9e00000, 0x00000000e9e00000, 0x00000000e9f00000|  0%| F|  |TAMS 0x00000000e9e00000, 0x00000000e9e00000| Untracked 
| 159|0x00000000e9f00000, 0x00000000e9f00000, 0x00000000ea000000|  0%| F|  |TAMS 0x00000000e9f00000, 0x00000000e9f00000| Untracked 
| 160|0x00000000ea000000, 0x00000000ea000000, 0x00000000ea100000|  0%| F|  |TAMS 0x00000000ea000000, 0x00000000ea000000| Untracked 
| 161|0x00000000ea100000, 0x00000000ea100000, 0x00000000ea200000|  0%| F|  |TAMS 0x00000000ea100000, 0x00000000ea100000| Untracked 
| 162|0x00000000ea200000, 0x00000000ea200000, 0x00000000ea300000|  0%| F|  |TAMS 0x00000000ea200000, 0x00000000ea200000| Untracked 
| 163|0x00000000ea300000, 0x00000000ea300000, 0x00000000ea400000|  0%| F|  |TAMS 0x00000000ea300000, 0x00000000ea300000| Untracked 
| 164|0x00000000ea400000, 0x00000000ea400000, 0x00000000ea500000|  0%| F|  |TAMS 0x00000000ea400000, 0x00000000ea400000| Untracked 
| 165|0x00000000ea500000, 0x00000000ea500000, 0x00000000ea600000|  0%| F|  |TAMS 0x00000000ea500000, 0x00000000ea500000| Untracked 
| 166|0x00000000ea600000, 0x00000000ea600000, 0x00000000ea700000|  0%| F|  |TAMS 0x00000000ea600000, 0x00000000ea600000| Untracked 
| 167|0x00000000ea700000, 0x00000000ea700000, 0x00000000ea800000|  0%| F|  |TAMS 0x00000000ea700000, 0x00000000ea700000| Untracked 
| 168|0x00000000ea800000, 0x00000000ea800000, 0x00000000ea900000|  0%| F|  |TAMS 0x00000000ea800000, 0x00000000ea800000| Untracked 
| 169|0x00000000ea900000, 0x00000000ea900000, 0x00000000eaa00000|  0%| F|  |TAMS 0x00000000ea900000, 0x00000000ea900000| Untracked 
| 170|0x00000000eaa00000, 0x00000000eaa00000, 0x00000000eab00000|  0%| F|  |TAMS 0x00000000eaa00000, 0x00000000eaa00000| Untracked 
| 171|0x00000000eab00000, 0x00000000eab00000, 0x00000000eac00000|  0%| F|  |TAMS 0x00000000eab00000, 0x00000000eab00000| Untracked 
| 172|0x00000000eac00000, 0x00000000eac00000, 0x00000000ead00000|  0%| F|  |TAMS 0x00000000eac00000, 0x00000000eac00000| Untracked 
| 173|0x00000000ead00000, 0x00000000ead00000, 0x00000000eae00000|  0%| F|  |TAMS 0x00000000ead00000, 0x00000000ead00000| Untracked 
| 174|0x00000000eae00000, 0x00000000eae00000, 0x00000000eaf00000|  0%| F|  |TAMS 0x00000000eae00000, 0x00000000eae00000| Untracked 
| 175|0x00000000eaf00000, 0x00000000eaf00000, 0x00000000eb000000|  0%| F|  |TAMS 0x00000000eaf00000, 0x00000000eaf00000| Untracked 
| 176|0x00000000eb000000, 0x00000000eb000000, 0x00000000eb100000|  0%| F|  |TAMS 0x00000000eb000000, 0x00000000eb000000| Untracked 
| 177|0x00000000eb100000, 0x00000000eb100000, 0x00000000eb200000|  0%| F|  |TAMS 0x00000000eb100000, 0x00000000eb100000| Untracked 
| 178|0x00000000eb200000, 0x00000000eb200000, 0x00000000eb300000|  0%| F|  |TAMS 0x00000000eb200000, 0x00000000eb200000| Untracked 
| 179|0x00000000eb300000, 0x00000000eb300000, 0x00000000eb400000|  0%| F|  |TAMS 0x00000000eb300000, 0x00000000eb300000| Untracked 
| 180|0x00000000eb400000, 0x00000000eb400000, 0x00000000eb500000|  0%| F|  |TAMS 0x00000000eb400000, 0x00000000eb400000| Untracked 
| 181|0x00000000eb500000, 0x00000000eb500000, 0x00000000eb600000|  0%| F|  |TAMS 0x00000000eb500000, 0x00000000eb500000| Untracked 
| 182|0x00000000eb600000, 0x00000000eb600000, 0x00000000eb700000|  0%| F|  |TAMS 0x00000000eb600000, 0x00000000eb600000| Untracked 
| 183|0x00000000eb700000, 0x00000000eb700000, 0x00000000eb800000|  0%| F|  |TAMS 0x00000000eb700000, 0x00000000eb700000| Untracked 
| 184|0x00000000eb800000, 0x00000000eb800000, 0x00000000eb900000|  0%| F|  |TAMS 0x00000000eb800000, 0x00000000eb800000| Untracked 
| 185|0x00000000eb900000, 0x00000000eb900000, 0x00000000eba00000|  0%| F|  |TAMS 0x00000000eb900000, 0x00000000eb900000| Untracked 
| 186|0x00000000eba00000, 0x00000000eba00000, 0x00000000ebb00000|  0%| F|  |TAMS 0x00000000eba00000, 0x00000000eba00000| Untracked 
| 187|0x00000000ebb00000, 0x00000000ebb00000, 0x00000000ebc00000|  0%| F|  |TAMS 0x00000000ebb00000, 0x00000000ebb00000| Untracked 
| 188|0x00000000ebc00000, 0x00000000ebc00000, 0x00000000ebd00000|  0%| F|  |TAMS 0x00000000ebc00000, 0x00000000ebc00000| Untracked 
| 189|0x00000000ebd00000, 0x00000000ebd00000, 0x00000000ebe00000|  0%| F|  |TAMS 0x00000000ebd00000, 0x00000000ebd00000| Untracked 
| 190|0x00000000ebe00000, 0x00000000ebe00000, 0x00000000ebf00000|  0%| F|  |TAMS 0x00000000ebe00000, 0x00000000ebe00000| Untracked 
| 191|0x00000000ebf00000, 0x00000000ebf00000, 0x00000000ec000000|  0%| F|  |TAMS 0x00000000ebf00000, 0x00000000ebf00000| Untracked 
| 192|0x00000000ec000000, 0x00000000ec000000, 0x00000000ec100000|  0%| F|  |TAMS 0x00000000ec000000, 0x00000000ec000000| Untracked 
| 193|0x00000000ec100000, 0x00000000ec100000, 0x00000000ec200000|  0%| F|  |TAMS 0x00000000ec100000, 0x00000000ec100000| Untracked 
| 194|0x00000000ec200000, 0x00000000ec300000, 0x00000000ec300000|100%| E|  |TAMS 0x00000000ec200000, 0x00000000ec200000| Complete 
| 195|0x00000000ec300000, 0x00000000ec400000, 0x00000000ec400000|100%| E|CS|TAMS 0x00000000ec300000, 0x00000000ec300000| Complete 
| 196|0x00000000ec400000, 0x00000000ec500000, 0x00000000ec500000|100%| E|CS|TAMS 0x00000000ec400000, 0x00000000ec400000| Complete 
| 197|0x00000000ec500000, 0x00000000ec600000, 0x00000000ec600000|100%| E|CS|TAMS 0x00000000ec500000, 0x00000000ec500000| Complete 
| 198|0x00000000ec600000, 0x00000000ec700000, 0x00000000ec700000|100%| E|CS|TAMS 0x00000000ec600000, 0x00000000ec600000| Complete 
| 199|0x00000000ec700000, 0x00000000ec800000, 0x00000000ec800000|100%| E|CS|TAMS 0x00000000ec700000, 0x00000000ec700000| Complete 
| 200|0x00000000ec800000, 0x00000000ec900000, 0x00000000ec900000|100%| E|CS|TAMS 0x00000000ec800000, 0x00000000ec800000| Complete 
| 201|0x00000000ec900000, 0x00000000eca00000, 0x00000000eca00000|100%| E|CS|TAMS 0x00000000ec900000, 0x00000000ec900000| Complete 
| 202|0x00000000eca00000, 0x00000000ecb00000, 0x00000000ecb00000|100%| E|CS|TAMS 0x00000000eca00000, 0x00000000eca00000| Complete 
| 203|0x00000000ecb00000, 0x00000000ecc00000, 0x00000000ecc00000|100%| E|CS|TAMS 0x00000000ecb00000, 0x00000000ecb00000| Complete 
| 204|0x00000000ecc00000, 0x00000000ecd00000, 0x00000000ecd00000|100%| E|CS|TAMS 0x00000000ecc00000, 0x00000000ecc00000| Complete 
| 205|0x00000000ecd00000, 0x00000000ece00000, 0x00000000ece00000|100%| E|CS|TAMS 0x00000000ecd00000, 0x00000000ecd00000| Complete 
| 206|0x00000000ece00000, 0x00000000ecf00000, 0x00000000ecf00000|100%| E|CS|TAMS 0x00000000ece00000, 0x00000000ece00000| Complete 
| 207|0x00000000ecf00000, 0x00000000ed000000, 0x00000000ed000000|100%| E|CS|TAMS 0x00000000ecf00000, 0x00000000ecf00000| Complete 
| 208|0x00000000ed000000, 0x00000000ed100000, 0x00000000ed100000|100%| E|CS|TAMS 0x00000000ed000000, 0x00000000ed000000| Complete 
| 209|0x00000000ed100000, 0x00000000ed200000, 0x00000000ed200000|100%| E|CS|TAMS 0x00000000ed100000, 0x00000000ed100000| Complete 
| 210|0x00000000ed200000, 0x00000000ed300000, 0x00000000ed300000|100%| E|CS|TAMS 0x00000000ed200000, 0x00000000ed200000| Complete 
| 211|0x00000000ed300000, 0x00000000ed400000, 0x00000000ed400000|100%| E|CS|TAMS 0x00000000ed300000, 0x00000000ed300000| Complete 
| 212|0x00000000ed400000, 0x00000000ed500000, 0x00000000ed500000|100%| E|CS|TAMS 0x00000000ed400000, 0x00000000ed400000| Complete 
| 213|0x00000000ed500000, 0x00000000ed600000, 0x00000000ed600000|100%| E|CS|TAMS 0x00000000ed500000, 0x00000000ed500000| Complete 
| 214|0x00000000ed600000, 0x00000000ed700000, 0x00000000ed700000|100%| E|CS|TAMS 0x00000000ed600000, 0x00000000ed600000| Complete 
| 215|0x00000000ed700000, 0x00000000ed800000, 0x00000000ed800000|100%| E|CS|TAMS 0x00000000ed700000, 0x00000000ed700000| Complete 
| 216|0x00000000ed800000, 0x00000000ed900000, 0x00000000ed900000|100%| E|CS|TAMS 0x00000000ed800000, 0x00000000ed800000| Complete 
| 217|0x00000000ed900000, 0x00000000eda00000, 0x00000000eda00000|100%| E|CS|TAMS 0x00000000ed900000, 0x00000000ed900000| Complete 
| 218|0x00000000eda00000, 0x00000000edb00000, 0x00000000edb00000|100%| E|CS|TAMS 0x00000000eda00000, 0x00000000eda00000| Complete 
| 219|0x00000000edb00000, 0x00000000edc00000, 0x00000000edc00000|100%| E|CS|TAMS 0x00000000edb00000, 0x00000000edb00000| Complete 
| 220|0x00000000edc00000, 0x00000000edd00000, 0x00000000edd00000|100%| E|CS|TAMS 0x00000000edc00000, 0x00000000edc00000| Complete 
| 221|0x00000000edd00000, 0x00000000ede00000, 0x00000000ede00000|100%| E|CS|TAMS 0x00000000edd00000, 0x00000000edd00000| Complete 
| 222|0x00000000ede00000, 0x00000000edf00000, 0x00000000edf00000|100%| E|CS|TAMS 0x00000000ede00000, 0x00000000ede00000| Complete 
| 223|0x00000000edf00000, 0x00000000ee000000, 0x00000000ee000000|100%| E|CS|TAMS 0x00000000edf00000, 0x00000000edf00000| Complete 
| 224|0x00000000ee000000, 0x00000000ee100000, 0x00000000ee100000|100%| E|CS|TAMS 0x00000000ee000000, 0x00000000ee000000| Complete 
| 225|0x00000000ee100000, 0x00000000ee200000, 0x00000000ee200000|100%| E|CS|TAMS 0x00000000ee100000, 0x00000000ee100000| Complete 
| 226|0x00000000ee200000, 0x00000000ee300000, 0x00000000ee300000|100%| E|CS|TAMS 0x00000000ee200000, 0x00000000ee200000| Complete 
| 227|0x00000000ee300000, 0x00000000ee400000, 0x00000000ee400000|100%| E|CS|TAMS 0x00000000ee300000, 0x00000000ee300000| Complete 
| 228|0x00000000ee400000, 0x00000000ee422e70, 0x00000000ee500000| 13%| S|CS|TAMS 0x00000000ee400000, 0x00000000ee400000| Complete 
| 229|0x00000000ee500000, 0x00000000ee600000, 0x00000000ee600000|100%| S|CS|TAMS 0x00000000ee500000, 0x00000000ee500000| Complete 
| 230|0x00000000ee600000, 0x00000000ee700000, 0x00000000ee700000|100%| S|CS|TAMS 0x00000000ee600000, 0x00000000ee600000| Complete 
| 231|0x00000000ee700000, 0x00000000ee800000, 0x00000000ee800000|100%| S|CS|TAMS 0x00000000ee700000, 0x00000000ee700000| Complete 
| 232|0x00000000ee800000, 0x00000000ee900000, 0x00000000ee900000|100%| S|CS|TAMS 0x00000000ee800000, 0x00000000ee800000| Complete 
| 233|0x00000000ee900000, 0x00000000eea00000, 0x00000000eea00000|100%| S|CS|TAMS 0x00000000ee900000, 0x00000000ee900000| Complete 
| 234|0x00000000eea00000, 0x00000000eeb00000, 0x00000000eeb00000|100%| E|CS|TAMS 0x00000000eea00000, 0x00000000eea00000| Complete 
| 235|0x00000000eeb00000, 0x00000000eec00000, 0x00000000eec00000|100%| E|CS|TAMS 0x00000000eeb00000, 0x00000000eeb00000| Complete 
| 236|0x00000000eec00000, 0x00000000eed00000, 0x00000000eed00000|100%| E|CS|TAMS 0x00000000eec00000, 0x00000000eec00000| Complete 
| 237|0x00000000eed00000, 0x00000000eee00000, 0x00000000eee00000|100%| E|CS|TAMS 0x00000000eed00000, 0x00000000eed00000| Complete 
| 238|0x00000000eee00000, 0x00000000eef00000, 0x00000000eef00000|100%| E|CS|TAMS 0x00000000eee00000, 0x00000000eee00000| Complete 
| 239|0x00000000eef00000, 0x00000000ef000000, 0x00000000ef000000|100%| E|CS|TAMS 0x00000000eef00000, 0x00000000eef00000| Complete 
| 240|0x00000000ef000000, 0x00000000ef100000, 0x00000000ef100000|100%| E|  |TAMS 0x00000000ef000000, 0x00000000ef000000| Complete 
| 241|0x00000000ef100000, 0x00000000ef200000, 0x00000000ef200000|100%| E|CS|TAMS 0x00000000ef100000, 0x00000000ef100000| Complete 
| 242|0x00000000ef200000, 0x00000000ef300000, 0x00000000ef300000|100%| E|CS|TAMS 0x00000000ef200000, 0x00000000ef200000| Complete 
| 243|0x00000000ef300000, 0x00000000ef400000, 0x00000000ef400000|100%| E|CS|TAMS 0x00000000ef300000, 0x00000000ef300000| Complete 
| 244|0x00000000ef400000, 0x00000000ef500000, 0x00000000ef500000|100%| E|CS|TAMS 0x00000000ef400000, 0x00000000ef400000| Complete 
| 245|0x00000000ef500000, 0x00000000ef600000, 0x00000000ef600000|100%| E|CS|TAMS 0x00000000ef500000, 0x00000000ef500000| Complete 
| 246|0x00000000ef600000, 0x00000000ef700000, 0x00000000ef700000|100%| E|CS|TAMS 0x00000000ef600000, 0x00000000ef600000| Complete 
| 247|0x00000000ef700000, 0x00000000ef800000, 0x00000000ef800000|100%| E|CS|TAMS 0x00000000ef700000, 0x00000000ef700000| Complete 
| 248|0x00000000ef800000, 0x00000000ef900000, 0x00000000ef900000|100%| E|CS|TAMS 0x00000000ef800000, 0x00000000ef800000| Complete 
| 249|0x00000000ef900000, 0x00000000efa00000, 0x00000000efa00000|100%| E|CS|TAMS 0x00000000ef900000, 0x00000000ef900000| Complete 
| 250|0x00000000efa00000, 0x00000000efb00000, 0x00000000efb00000|100%| E|CS|TAMS 0x00000000efa00000, 0x00000000efa00000| Complete 
| 251|0x00000000efb00000, 0x00000000efc00000, 0x00000000efc00000|100%| E|CS|TAMS 0x00000000efb00000, 0x00000000efb00000| Complete 
| 252|0x00000000efc00000, 0x00000000efd00000, 0x00000000efd00000|100%| E|CS|TAMS 0x00000000efc00000, 0x00000000efc00000| Complete 
| 253|0x00000000efd00000, 0x00000000efe00000, 0x00000000efe00000|100%| E|CS|TAMS 0x00000000efd00000, 0x00000000efd00000| Complete 
| 254|0x00000000efe00000, 0x00000000eff00000, 0x00000000eff00000|100%| E|CS|TAMS 0x00000000efe00000, 0x00000000efe00000| Complete 
| 255|0x00000000eff00000, 0x00000000f0000000, 0x00000000f0000000|100%| E|CS|TAMS 0x00000000eff00000, 0x00000000eff00000| Complete 

Card table byte_map: [0x000001f365c40000,0x000001f365d40000] _byte_map_base: 0x000001f365540000

Marking Bits (Prev, Next): (CMBitMap*) 0x000001f34de83fc8, (CMBitMap*) 0x000001f34de84000
 Prev Bits: [0x000001f365e40000, 0x000001f366640000)
 Next Bits: [0x000001f366640000, 0x000001f366e40000)

Polling page: 0x000001f34be30000

Metaspace:

Usage:
  Non-class:     35.19 MB capacity,    34.52 MB ( 98%) used,   571.98 KB (  2%) free+waste,   108.19 KB ( <1%) overhead. 
      Class:      5.50 MB capacity,     5.07 MB ( 92%) used,   381.47 KB (  7%) free+waste,    53.19 KB ( <1%) overhead. 
       Both:     40.68 MB capacity,    39.59 MB ( 97%) used,   953.45 KB (  2%) free+waste,   161.38 KB ( <1%) overhead. 

Virtual space:
  Non-class space:       36.00 MB reserved,      35.41 MB ( 98%) committed 
      Class space:      376.00 MB reserved,       5.55 MB (  1%) committed 
             Both:      412.00 MB reserved,      40.95 MB ( 10%) committed 

Chunk freelists:
   Non-Class:  34.00 KB
       Class:  3.00 KB
        Both:  37.00 KB

MaxMetaspaceSize: 384.00 MB
CompressedClassSpaceSize: 376.00 MB
Initial GC threshold: 20.80 MB
Current GC threshold: 58.88 MB
CDS: off

CodeHeap 'non-profiled nmethods': size=120000Kb used=1747Kb max_used=1747Kb free=118252Kb
 bounds [0x000001f35e0c0000, 0x000001f35e330000, 0x000001f3655f0000]
CodeHeap 'profiled nmethods': size=120000Kb used=7369Kb max_used=7369Kb free=112630Kb
 bounds [0x000001f356b90000, 0x000001f3572d0000, 0x000001f35e0c0000]
CodeHeap 'non-nmethods': size=5760Kb used=1587Kb max_used=1646Kb free=4172Kb
 bounds [0x000001f3565f0000, 0x000001f356860000, 0x000001f356b90000]
 total_blobs=4117 nmethods=3482 adapters=547
 compilation: enabled
              stopped_count=0, restarted_count=0
 full_count=0

Compilation events (20 events):
Event: 11.530 Thread 0x000001f36a36d800 3476       3       java.lang.invoke.InvokerBytecodeGenerator::<init> (80 bytes)
Event: 11.530 Thread 0x000001f36a36d800 nmethod 3476 0x000001f3572b5790 code [0x000001f3572b5980, 0x000001f3572b5d28]
Event: 11.530 Thread 0x000001f36a36d800 3479       3       java.lang.invoke.MethodHandles$Lookup::restrictProtectedReceiver (51 bytes)
Event: 11.532 Thread 0x000001f36a36d800 nmethod 3479 0x000001f3572b5f90 code [0x000001f3572b6240, 0x000001f3572b6da8]
Event: 11.532 Thread 0x000001f36a36d800 3482       3       java.lang.invoke.MethodHandles$Lookup::checkField (56 bytes)
Event: 11.532 Thread 0x000001f36a36d800 nmethod 3482 0x000001f3572b7110 code [0x000001f3572b7300, 0x000001f3572b7778]
Event: 11.533 Thread 0x000001f36a36d800 3477       3       java.lang.invoke.LambdaFormEditor$Transform::of (49 bytes)
Event: 11.534 Thread 0x000001f36a36d800 nmethod 3477 0x000001f3572b7910 code [0x000001f3572b7b60, 0x000001f3572b8438]
Event: 11.534 Thread 0x000001f36a36d800 3485       3       java.lang.invoke.LambdaFormBuffer::insertName (106 bytes)
Event: 11.534 Thread 0x000001f36a36d800 nmethod 3485 0x000001f3572b8790 code [0x000001f3572b8960, 0x000001f3572b8b78]
Event: 11.534 Thread 0x000001f36a36d800 3487       3       java.lang.invoke.LambdaFormEditor::bindArgumentType (101 bytes)
Event: 11.535 Thread 0x000001f36a36d800 nmethod 3487 0x000001f3572b8c90 code [0x000001f3572b8e60, 0x000001f3572b9068]
Event: 11.535 Thread 0x000001f36a36d800 3489       3       jdk.internal.org.objectweb.asm.Frame::initInputFrame (158 bytes)
Event: 11.536 Thread 0x000001f36a36d800 nmethod 3489 0x000001f3572b9190 code [0x000001f3572b93e0, 0x000001f3572b9d08]
Event: 11.536 Thread 0x000001f36a36d800 3490       3       java.lang.invoke.LambdaFormBuffer::endEdit (308 bytes)
Event: 11.537 Thread 0x000001f36a36d800 nmethod 3490 0x000001f3572ba190 code [0x000001f3572ba420, 0x000001f3572bb198]
Event: 11.550 Thread 0x000001f36a36d800 3491       3       java.lang.String::equalsIgnoreCase (45 bytes)
Event: 11.551 Thread 0x000001f36a36d800 nmethod 3491 0x000001f3572bb590 code [0x000001f3572bb7a0, 0x000001f3572bbce8]
Event: 11.551 Thread 0x000001f36a36d800 3492       1       org.slf4j.impl.StaticLoggerBinder::getLoggerFactory (5 bytes)
Event: 11.551 Thread 0x000001f36a36d800 nmethod 3492 0x000001f35e274a10 code [0x000001f35e274bc0, 0x000001f35e274c78]

GC Heap History (10 events):
Event: 1.448 GC heap before
{Heap before GC invocations=0 (full 0):
 garbage-first heap   total 262144K, used 27648K [0x00000000e0000000, 0x0000000100000000)
  region size 1024K, 24 young (24576K), 0 survivors (0K)
 Metaspace       used 9809K, capacity 10020K, committed 10368K, reserved 395264K
  class space    used 969K, capacity 1044K, committed 1152K, reserved 385024K
}
Event: 1.454 GC heap after
{Heap after GC invocations=1 (full 0):
 garbage-first heap   total 262144K, used 11020K [0x00000000e0000000, 0x0000000100000000)
  region size 1024K, 3 young (3072K), 3 survivors (3072K)
 Metaspace       used 9809K, capacity 10020K, committed 10368K, reserved 395264K
  class space    used 969K, capacity 1044K, committed 1152K, reserved 385024K
}
Event: 5.864 GC heap before
{Heap before GC invocations=1 (full 0):
 garbage-first heap   total 262144K, used 110348K [0x00000000e0000000, 0x0000000100000000)
  region size 1024K, 100 young (102400K), 3 survivors (3072K)
 Metaspace       used 20845K, capacity 21236K, committed 21296K, reserved 405504K
  class space    used 2426K, capacity 2574K, committed 2608K, reserved 385024K
}
Event: 5.886 GC heap after
{Heap after GC invocations=2 (full 0):
 garbage-first heap   total 262144K, used 18911K [0x00000000e0000000, 0x0000000100000000)
  region size 1024K, 11 young (11264K), 11 survivors (11264K)
 Metaspace       used 20845K, capacity 21236K, committed 21296K, reserved 405504K
  class space    used 2426K, capacity 2574K, committed 2608K, reserved 385024K
}
Event: 6.919 GC heap before
{Heap before GC invocations=3 (full 0):
 garbage-first heap   total 262144K, used 53727K [0x00000000e0000000, 0x0000000100000000)
  region size 1024K, 46 young (47104K), 11 survivors (11264K)
 Metaspace       used 24045K, capacity 24663K, committed 25008K, reserved 407552K
  class space    used 2929K, capacity 3148K, committed 3248K, reserved 385024K
}
Event: 6.931 GC heap after
{Heap after GC invocations=4 (full 0):
 garbage-first heap   total 262144K, used 20420K [0x00000000e0000000, 0x0000000100000000)
  region size 1024K, 2 young (2048K), 2 survivors (2048K)
 Metaspace       used 24045K, capacity 24663K, committed 25008K, reserved 407552K
  class space    used 2929K, capacity 3148K, committed 3248K, reserved 385024K
}
Event: 9.992 GC heap before
{Heap before GC invocations=4 (full 0):
 garbage-first heap   total 262144K, used 116676K [0x00000000e0000000, 0x0000000100000000)
  region size 1024K, 96 young (98304K), 2 survivors (2048K)
 Metaspace       used 32151K, capacity 32947K, committed 33200K, reserved 413696K
  class space    used 4200K, capacity 4511K, committed 4528K, reserved 385024K
}
Event: 9.997 GC heap after
{Heap after GC invocations=5 (full 0):
 garbage-first heap   total 262144K, used 23262K [0x00000000e0000000, 0x0000000100000000)
  region size 1024K, 5 young (5120K), 5 survivors (5120K)
 Metaspace       used 32151K, capacity 32947K, committed 33200K, reserved 413696K
  class space    used 4200K, capacity 4511K, committed 4528K, reserved 385024K
}
Event: 10.414 GC heap before
{Heap before GC invocations=5 (full 0):
 garbage-first heap   total 262144K, used 44766K [0x00000000e0000000, 0x0000000100000000)
  region size 1024K, 27 young (27648K), 5 survivors (5120K)
 Metaspace       used 34965K, capacity 35720K, committed 35920K, reserved 417792K
  class space    used 4588K, capacity 4906K, committed 5040K, reserved 385024K
}
Event: 10.424 GC heap after
{Heap after GC invocations=6 (full 0):
 garbage-first heap   total 262144K, used 24064K [0x00000000e0000000, 0x0000000100000000)
  region size 1024K, 6 young (6144K), 6 survivors (6144K)
 Metaspace       used 34965K, capacity 35720K, committed 35920K, reserved 417792K
  class space    used 4588K, capacity 4906K, committed 5040K, reserved 385024K
}

Deoptimization events (20 events):
Event: 11.059 Thread 0x000001f36c898000 Uncommon trap: trap_request=0xffffff4d fr.pc=0x000001f35e153f68 relative=0x0000000000001368
Event: 11.059 Thread 0x000001f36c898000 Uncommon trap: reason=unstable_if action=reinterpret pc=0x000001f35e153f68 method=sun.nio.fs.WindowsPathParser.isSlash(C)Z @ 9 c2
Event: 11.059 Thread 0x000001f36c898000 DEOPT PACKING pc=0x000001f35e153f68 sp=0x00000032ed9f8860
Event: 11.059 Thread 0x000001f36c898000 DEOPT UNPACKING pc=0x000001f35663a1af sp=0x00000032ed9f87d0 mode 2
Event: 11.060 Thread 0x000001f36c898000 Uncommon trap: trap_request=0xffffff4d fr.pc=0x000001f35e0e0edc relative=0x000000000000003c
Event: 11.060 Thread 0x000001f36c898000 Uncommon trap: reason=unstable_if action=reinterpret pc=0x000001f35e0e0edc method=sun.nio.fs.WindowsPathParser.isSlash(C)Z @ 9 c2
Event: 11.060 Thread 0x000001f36c898000 DEOPT PACKING pc=0x000001f35e0e0edc sp=0x00000032ed9f8840
Event: 11.060 Thread 0x000001f36c898000 DEOPT UNPACKING pc=0x000001f35663a1af sp=0x00000032ed9f87c8 mode 2
Event: 11.072 Thread 0x000001f36c898000 Uncommon trap: trap_request=0xffffff4d fr.pc=0x000001f35e22faf8 relative=0x00000000000003b8
Event: 11.072 Thread 0x000001f36c898000 Uncommon trap: reason=unstable_if action=reinterpret pc=0x000001f35e22faf8 method=java.lang.String.equalsIgnoreCase(Ljava/lang/String;)Z @ 36 c2
Event: 11.072 Thread 0x000001f36c898000 DEOPT PACKING pc=0x000001f35e22faf8 sp=0x00000032ed9f6f60
Event: 11.072 Thread 0x000001f36c898000 DEOPT UNPACKING pc=0x000001f35663a1af sp=0x00000032ed9f6f20 mode 2
Event: 11.074 Thread 0x000001f36c898000 Uncommon trap: trap_request=0xffffffc6 fr.pc=0x000001f35e221174 relative=0x0000000000004cd4
Event: 11.074 Thread 0x000001f36c898000 Uncommon trap: reason=bimorphic_or_optimized_type_check action=maybe_recompile pc=0x000001f35e221174 method=java.net.URL.<init>(Ljava/net/URL;Ljava/lang/String;Ljava/net/URLStreamHandler;)V @ 504 c2
Event: 11.074 Thread 0x000001f36c898000 DEOPT PACKING pc=0x000001f35e221174 sp=0x00000032ed9f69c0
Event: 11.074 Thread 0x000001f36c898000 DEOPT UNPACKING pc=0x000001f35663a1af sp=0x00000032ed9f6960 mode 2
Event: 11.216 Thread 0x000001f36c898000 Uncommon trap: trap_request=0xffffff76 fr.pc=0x000001f35e262844 relative=0x0000000000000444
Event: 11.216 Thread 0x000001f36c898000 Uncommon trap: reason=loop_limit_check action=maybe_recompile pc=0x000001f35e262844 method=java.util.regex.Pattern$Start.match(Ljava/util/regex/Matcher;ILjava/lang/CharSequence;)Z @ 34 c2
Event: 11.216 Thread 0x000001f36c898000 DEOPT PACKING pc=0x000001f35e262844 sp=0x00000032ed9f8810
Event: 11.216 Thread 0x000001f36c898000 DEOPT UNPACKING pc=0x000001f35663a1af sp=0x00000032ed9f8750 mode 2

Classes redefined (0 events):
No events

Internal exceptions (20 events):
Event: 10.922 Thread 0x000001f36c898000 Exception <a 'java/lang/ClassNotFoundException'{0x00000000ef311cb8}: groovy/lang/MetaClassImplBeanInfo> (0x00000000ef311cb8) thrown at [s\src\hotspot\share\classfile\systemDictionary.cpp, line 230]
Event: 10.922 Thread 0x000001f36c898000 Exception <a 'java/lang/ClassNotFoundException'{0x00000000ef31b5f0}: java/lang/ObjectBeanInfo> (0x00000000ef31b5f0) thrown at [s\src\hotspot\share\classfile\systemDictionary.cpp, line 230]
Event: 10.924 Thread 0x000001f36c898000 Exception <a 'java/lang/ClassNotFoundException'{0x00000000ef327f28}: java/lang/ObjectCustomizer> (0x00000000ef327f28) thrown at [s\src\hotspot\share\classfile\systemDictionary.cpp, line 230]
Event: 10.938 Thread 0x000001f36c898000 Exception <a 'java/lang/ClassNotFoundException'{0x00000000ef364e10}: groovy/lang/MetaClassImplCustomizer> (0x00000000ef364e10) thrown at [s\src\hotspot\share\classfile\systemDictionary.cpp, line 230]
Event: 10.945 Thread 0x000001f36c898000 Exception <a 'java/lang/ClassNotFoundException'{0x00000000ef3a68e0}: groovy/lang/ExpandoMetaClassCustomizer> (0x00000000ef3a68e0) thrown at [s\src\hotspot\share\classfile\systemDictionary.cpp, line 230]
Event: 11.147 Thread 0x000001f36c898000 Exception <a 'java/lang/NoSuchMethodError'{0x00000000eed4a690}: 'java.lang.Object java.lang.invoke.DirectMethodHandle$Holder.invokeStatic(java.lang.Object, int, java.lang.Object)'> (0x00000000eed4a690) thrown at [s\src\hotspot\share\interpreter\linkResolver.cpp, line 773]
Event: 11.346 Thread 0x000001f36c898000 Exception <a 'java/lang/ClassNotFoundException'{0x00000000ed4da570}: org/gradle/internal/extensibility/DefaultExtraPropertiesExtensionBeanInfo> (0x00000000ed4da570) thrown at [s\src\hotspot\share\classfile\systemDictionary.cpp, line 230]
Event: 11.347 Thread 0x000001f36c898000 Exception <a 'java/lang/ClassNotFoundException'{0x00000000ed4fcb18}: groovy/lang/GroovyObjectSupportBeanInfo> (0x00000000ed4fcb18) thrown at [s\src\hotspot\share\classfile\systemDictionary.cpp, line 230]
Event: 11.348 Thread 0x000001f36c898000 Exception <a 'java/lang/ClassNotFoundException'{0x00000000ed31f608}: groovy/lang/GroovyObjectSupportCustomizer> (0x00000000ed31f608) thrown at [s\src\hotspot\share\classfile\systemDictionary.cpp, line 230]
Event: 11.353 Thread 0x000001f36c898000 Exception <a 'java/lang/ClassNotFoundException'{0x00000000ed349058}: org/gradle/internal/extensibility/DefaultExtraPropertiesExtensionCustomizer> (0x00000000ed349058) thrown at [s\src\hotspot\share\classfile\systemDictionary.cpp, line 230]
Event: 11.378 Thread 0x000001f36c898000 Exception <a 'sun/nio/fs/WindowsException'{0x00000000ed3a99b8}> (0x00000000ed3a99b8) thrown at [s\src\hotspot\share\prims\jni.cpp, line 617]
Event: 11.402 Thread 0x000001f36c898000 Exception <a 'sun/nio/fs/WindowsException'{0x00000000ed3aaf88}> (0x00000000ed3aaf88) thrown at [s\src\hotspot\share\prims\jni.cpp, line 617]
Event: 11.408 Thread 0x000001f36c898000 Exception <a 'sun/nio/fs/WindowsException'{0x00000000ed3ac510}> (0x00000000ed3ac510) thrown at [s\src\hotspot\share\prims\jni.cpp, line 617]
Event: 11.413 Thread 0x000001f36c898000 Exception <a 'sun/nio/fs/WindowsException'{0x00000000ed3adaa8}> (0x00000000ed3adaa8) thrown at [s\src\hotspot\share\prims\jni.cpp, line 617]
Event: 11.524 Thread 0x000001f36c898000 Exception <a 'java/lang/NoSuchMethodError'{0x00000000ecf3f6e8}: 'java.lang.Object java.lang.invoke.DelegatingMethodHandle$Holder.reinvoke_L(java.lang.Object, java.lang.Object, java.lang.Object, java.lang.Object, java.lang.Object, java.lang.Object, java.lang.Object, java.lang.Object, java.lang.Object, java.lang.Object, java.lang.Object, java.lang.Object, java.lang.Object, java.lang.Object, java.lang.Object, java.lang.Object, java.lang.Object, java.lang.Object, java.lang.Object, java.lang.Object, java.lang.O
Event: 11.525 Thread 0x000001f36c898000 Exception <a 'java/lang/NoSuchMethodError'{0x00000000ecf4b2c8}: 'java.lang.Object java.lang.invoke.Invokers$Holder.invoker(java.lang.Object, java.lang.Object, java.lang.Object, java.lang.Object, java.lang.Object, java.lang.Object, java.lang.Object, java.lang.Object, java.lang.Object, java.lang.Object, java.lang.Object, java.lang.Object, java.lang.Object, java.lang.Object, java.lang.Object, java.lang.Object, java.lang.Object, java.lang.Object, java.lang.Object, java.lang.Object, java.lang.Object, java.lang.
Event: 11.525 Thread 0x000001f36c898000 Exception <a 'java/lang/NoSuchMethodError'{0x00000000ecf52330}: 'java.lang.Object java.lang.invoke.DelegatingMethodHandle$Holder.delegate(java.lang.Object, java.lang.Object, java.lang.Object, java.lang.Object, java.lang.Object, java.lang.Object, java.lang.Object, java.lang.Object, java.lang.Object, java.lang.Object, java.lang.Object, java.lang.Object, java.lang.Object, java.lang.Object, java.lang.Object, java.lang.Object, java.lang.Object, java.lang.Object, java.lang.Object, java.lang.Object, java.lang.Obj
Event: 11.530 Thread 0x000001f36c898000 Exception <a 'java/lang/NoSuchMethodError'{0x00000000ecff6940}: 'java.lang.Object java.lang.invoke.DirectMethodHandle$Holder.invokeStatic(java.lang.Object, java.lang.Object, java.lang.Object, java.lang.Object, java.lang.Object, java.lang.Object, java.lang.Object, java.lang.Object, java.lang.Object, java.lang.Object, java.lang.Object, java.lang.Object, java.lang.Object, java.lang.Object, java.lang.Object)'> (0x00000000ecff6940) thrown at [s\src\hotspot\share\interpreter\linkResolver.cpp, line 773]
Event: 11.532 Thread 0x000001f36c898000 Exception <a 'java/lang/NoSuchMethodError'{0x00000000ece086b0}: 'java.lang.Object java.lang.invoke.DirectMethodHandle$Holder.invokeStatic(java.lang.Object, java.lang.Object, java.lang.Object, java.lang.Object, java.lang.Object, java.lang.Object, java.lang.Object, java.lang.Object, java.lang.Object, java.lang.Object, java.lang.Object, java.lang.Object, java.lang.Object, java.lang.Object, java.lang.Object, java.lang.Object)'> (0x00000000ece086b0) thrown at [s\src\hotspot\share\interpreter\linkResolver.cpp, l
Event: 11.533 Thread 0x000001f36c898000 Exception <a 'java/lang/NoSuchMethodError'{0x00000000ece18900}: 'java.lang.Object java.lang.invoke.DelegatingMethodHandle$Holder.reinvoke_L(java.lang.Object, java.lang.Object, java.lang.Object, java.lang.Object, java.lang.Object, java.lang.Object, java.lang.Object, java.lang.Object, java.lang.Object, java.lang.Object, java.lang.Object, java.lang.Object, java.lang.Object, java.lang.Object, java.lang.Object, java.lang.Object, java.lang.Object, java.lang.Object, java.lang.Object, java.lang.Object, java.lang.O

Events (20 events):
Event: 11.585 loading class com/google/common/io/ByteStreams$1
Event: 11.585 loading class com/google/common/io/ByteStreams$1 done
Event: 11.586 loading class com/google/common/io/ByteStreams$LimitedInputStream
Event: 11.586 loading class com/google/common/io/ByteStreams$LimitedInputStream done
Event: 11.586 loading class com/google/common/io/ByteArrayDataOutput
Event: 11.586 loading class com/google/common/io/ByteArrayDataOutput done
Event: 11.587 loading class com/google/common/io/ByteArrayDataInput
Event: 11.587 loading class com/google/common/io/ByteArrayDataInput done
Event: 11.588 loading class org/gradle/kotlin/dsl/execution/ProgramKind
Event: 11.588 loading class org/gradle/kotlin/dsl/execution/ProgramKind done
Event: 11.589 loading class org/gradle/kotlin/dsl/execution/ProgramTarget
Event: 11.589 loading class org/gradle/kotlin/dsl/execution/ProgramTarget done
Event: 11.590 loading class org/gradle/kotlin/dsl/execution/InterpreterKt
Event: 11.590 loading class org/gradle/kotlin/dsl/execution/InterpreterKt done
Event: 11.592 loading class org/gradle/kotlin/dsl/support/ScriptCompilationException
Event: 11.592 loading class org/gradle/kotlin/dsl/support/ScriptCompilationException done
Event: 11.593 loading class org/gradle/kotlin/dsl/execution/ProgramId
Event: 11.593 loading class org/gradle/kotlin/dsl/execution/ProgramId done
Event: 11.595 loading class org/gradle/kotlin/dsl/support/KotlinScriptHost
Event: 11.595 loading class org/gradle/kotlin/dsl/support/KotlinScriptHost done


Dynamic libraries:
0x00007ff7ba770000 - 0x00007ff7ba77e000 	C:\Users\danie\Desktop\andr\jdk11.0.22_7\bin\java.exe
0x00007ff885270000 - 0x00007ff885468000 	C:\WINDOWS\SYSTEM32\ntdll.dll
0x00007ff884930000 - 0x00007ff8849ed000 	C:\WINDOWS\System32\KERNEL32.DLL
0x00007ff882b40000 - 0x00007ff882e36000 	C:\WINDOWS\System32\KERNELBASE.dll
0x00007ff883170000 - 0x00007ff883270000 	C:\WINDOWS\System32\ucrtbase.dll
0x00007ff87c560000 - 0x00007ff87c577000 	C:\Users\danie\Desktop\andr\jdk11.0.22_7\bin\jli.dll
0x00007ff87c580000 - 0x00007ff87c59b000 	C:\Users\danie\Desktop\andr\jdk11.0.22_7\bin\VCRUNTIME140.dll
0x00007ff8843a0000 - 0x00007ff88453e000 	C:\WINDOWS\System32\USER32.dll
0x00007ff8829e0000 - 0x00007ff882a02000 	C:\WINDOWS\System32\win32u.dll
0x00007ff86e300000 - 0x00007ff86e59a000 	C:\WINDOWS\WinSxS\amd64_microsoft.windows.common-controls_6595b64144ccf1df_6.0.19041.3636_none_60b6a03d71f818d5\COMCTL32.dll
0x00007ff884900000 - 0x00007ff88492c000 	C:\WINDOWS\System32\GDI32.dll
0x00007ff8836a0000 - 0x00007ff88373e000 	C:\WINDOWS\System32\msvcrt.dll
0x00007ff882fa0000 - 0x00007ff8830ba000 	C:\WINDOWS\System32\gdi32full.dll
0x00007ff882aa0000 - 0x00007ff882b3d000 	C:\WINDOWS\System32\msvcp_win.dll
0x00007ff8851a0000 - 0x00007ff8851d0000 	C:\WINDOWS\System32\IMM32.DLL
0x00007ff87c650000 - 0x00007ff87c65c000 	C:\Users\danie\Desktop\andr\jdk11.0.22_7\bin\vcruntime140_1.dll
0x00007ff86c280000 - 0x00007ff86c30d000 	C:\Users\danie\Desktop\andr\jdk11.0.22_7\bin\msvcp140.dll
0x00007fffe54b0000 - 0x00007fffe6073000 	C:\Users\danie\Desktop\andr\jdk11.0.22_7\bin\server\jvm.dll
0x00007ff8834f0000 - 0x00007ff8835a3000 	C:\WINDOWS\System32\ADVAPI32.dll
0x00007ff8832c0000 - 0x00007ff88335f000 	C:\WINDOWS\System32\sechost.dll
0x00007ff884540000 - 0x00007ff884666000 	C:\WINDOWS\System32\RPCRT4.dll
0x00007ff882940000 - 0x00007ff882967000 	C:\WINDOWS\System32\bcrypt.dll
0x00007ff8837b0000 - 0x00007ff8837b8000 	C:\WINDOWS\System32\PSAPI.DLL
0x00007ff881610000 - 0x00007ff88161a000 	C:\WINDOWS\SYSTEM32\VERSION.dll
0x00007ff866420000 - 0x00007ff866429000 	C:\WINDOWS\SYSTEM32\WSOCK32.dll
0x00007ff876b60000 - 0x00007ff876b87000 	C:\WINDOWS\SYSTEM32\WINMM.dll
0x00007ff883740000 - 0x00007ff8837ab000 	C:\WINDOWS\System32\WS2_32.dll
0x00007ff881560000 - 0x00007ff881572000 	C:\WINDOWS\SYSTEM32\kernel.appcore.dll
0x00007ff87c4d0000 - 0x00007ff87c4e0000 	C:\Users\danie\Desktop\andr\jdk11.0.22_7\bin\verify.dll
0x00007ff8803b0000 - 0x00007ff880594000 	C:\WINDOWS\SYSTEM32\DBGHELP.DLL
0x00007ff86a3a0000 - 0x00007ff86a3d4000 	C:\WINDOWS\SYSTEM32\dbgcore.DLL
0x00007ff882a10000 - 0x00007ff882a92000 	C:\WINDOWS\System32\bcryptPrimitives.dll
0x00007ff86c3b0000 - 0x00007ff86c3d8000 	C:\Users\danie\Desktop\andr\jdk11.0.22_7\bin\java.dll
0x00007ff879ae0000 - 0x00007ff879aea000 	C:\Users\danie\Desktop\andr\jdk11.0.22_7\bin\jimage.dll
0x00007ff86c270000 - 0x00007ff86c27e000 	C:\Users\danie\Desktop\andr\jdk11.0.22_7\bin\instrument.dll
0x00007ff85c030000 - 0x00007ff85c048000 	C:\Users\danie\Desktop\andr\jdk11.0.22_7\bin\zip.dll
0x00007ff883c30000 - 0x00007ff884375000 	C:\WINDOWS\System32\SHELL32.dll
0x00007ff880710000 - 0x00007ff880eab000 	C:\WINDOWS\SYSTEM32\windows.storage.dll
0x00007ff884bb0000 - 0x00007ff884f04000 	C:\WINDOWS\System32\combase.dll
0x00007ff882300000 - 0x00007ff88232d000 	C:\WINDOWS\SYSTEM32\Wldp.dll
0x00007ff883360000 - 0x00007ff88340d000 	C:\WINDOWS\System32\SHCORE.dll
0x00007ff8851d0000 - 0x00007ff885225000 	C:\WINDOWS\System32\shlwapi.dll
0x00007ff882870000 - 0x00007ff882895000 	C:\WINDOWS\SYSTEM32\profapi.dll
0x00007ff85c010000 - 0x00007ff85c029000 	C:\Users\danie\Desktop\andr\jdk11.0.22_7\bin\net.dll
0x00007ff87a800000 - 0x00007ff87a90a000 	C:\WINDOWS\SYSTEM32\WINHTTP.dll
0x00007ff881fb0000 - 0x00007ff88201a000 	C:\WINDOWS\system32\mswsock.dll
0x00007ff85be00000 - 0x00007ff85be12000 	C:\Users\danie\Desktop\andr\jdk11.0.22_7\bin\nio.dll
0x00007ff852fd0000 - 0x00007ff852ff7000 	C:\Users\danie\.gradle\native\c067742578af261105cb4f569cf0c3c89f3d7b1fecec35dd04571415982c5e48\windows-amd64\native-platform.dll
0x00007ff8216e0000 - 0x00007ff821824000 	C:\Users\danie\.gradle\native\38dada09dfb8b06ba9b0570ebf7e218e3eb74d4ef43ca46872605cf95ebc2f47\windows-amd64\native-platform-file-events.dll
0x00007ff879790000 - 0x00007ff879799000 	C:\Users\danie\Desktop\andr\jdk11.0.22_7\bin\management.dll
0x00007ff879510000 - 0x00007ff87951b000 	C:\Users\danie\Desktop\andr\jdk11.0.22_7\bin\management_ext.dll
0x00007ff882160000 - 0x00007ff882178000 	C:\WINDOWS\SYSTEM32\CRYPTSP.dll
0x00007ff8818f0000 - 0x00007ff881924000 	C:\WINDOWS\system32\rsaenh.dll
0x00007ff882830000 - 0x00007ff88285e000 	C:\WINDOWS\SYSTEM32\USERENV.dll
0x00007ff882180000 - 0x00007ff88218c000 	C:\WINDOWS\SYSTEM32\CRYPTBASE.dll
0x00007ff881cb0000 - 0x00007ff881ceb000 	C:\WINDOWS\SYSTEM32\IPHLPAPI.DLL
0x00007ff884ba0000 - 0x00007ff884ba8000 	C:\WINDOWS\System32\NSI.dll
0x00007ff87a9c0000 - 0x00007ff87a9d7000 	C:\WINDOWS\SYSTEM32\dhcpcsvc6.DLL
0x00007ff87ace0000 - 0x00007ff87acfd000 	C:\WINDOWS\SYSTEM32\dhcpcsvc.DLL
0x00007ff881cf0000 - 0x00007ff881dba000 	C:\WINDOWS\SYSTEM32\DNSAPI.dll

dbghelp: loaded successfully - version: 4.0.5 - missing functions: none
symbol engine: initialized successfully - sym options: 0x614 - pdb path: .;C:\Users\danie\Desktop\andr\jdk11.0.22_7\bin;C:\WINDOWS\SYSTEM32;C:\WINDOWS\WinSxS\amd64_microsoft.windows.common-controls_6595b64144ccf1df_6.0.19041.3636_none_60b6a03d71f818d5;C:\Users\danie\Desktop\andr\jdk11.0.22_7\bin\server;C:\Users\danie\.gradle\native\c067742578af261105cb4f569cf0c3c89f3d7b1fecec35dd04571415982c5e48\windows-amd64;C:\Users\danie\.gradle\native\38dada09dfb8b06ba9b0570ebf7e218e3eb74d4ef43ca46872605cf95ebc2f47\windows-amd64

VM Arguments:
jvm_args: --add-opens=java.base/java.util=ALL-UNNAMED --add-opens=java.base/java.lang=ALL-UNNAMED --add-opens=java.base/java.lang.invoke=ALL-UNNAMED --add-opens=java.prefs/java.util.prefs=ALL-UNNAMED --add-opens=java.base/java.nio.charset=ALL-UNNAMED --add-opens=java.base/java.net=ALL-UNNAMED --add-opens=java.base/java.util.concurrent.atomic=ALL-UNNAMED -XX:MaxMetaspaceSize=384m -XX:+HeapDumpOnOutOfMemoryError -Xms256m -Xmx512m -Dfile.encoding=windows-1252 -Duser.country=US -Duser.language=en -Duser.variant -javaagent:C:\Users\danie\.gradle\wrapper\dists\gradle-8.5-bin\5t9huq95ubn472n8rpzujfbqh\gradle-8.5\lib\agents\gradle-instrumentation-agent-8.5.jar 
java_command: org.gradle.launcher.daemon.bootstrap.GradleDaemon 8.5
java_class_path (initial): C:\Users\danie\.gradle\wrapper\dists\gradle-8.5-bin\5t9huq95ubn472n8rpzujfbqh\gradle-8.5\lib\gradle-launcher-8.5.jar
Launcher Type: SUN_STANDARD

[Global flags]
     intx CICompilerCount                          = 4                                         {product} {ergonomic}
   size_t CompressedClassSpaceSize                 = 394264576                                 {product} {ergonomic}
     uint ConcGCThreads                            = 3                                         {product} {ergonomic}
     uint G1ConcRefinementThreads                  = 10                                        {product} {ergonomic}
   size_t G1HeapRegionSize                         = 1048576                                   {product} {ergonomic}
    uintx GCDrainStackTargetSize                   = 64                                        {product} {ergonomic}
     bool HeapDumpOnOutOfMemoryError               = true                                   {manageable} {command line}
   size_t InitialHeapSize                          = 268435456                                 {product} {command line}
   size_t MarkStackSize                            = 4194304                                   {product} {ergonomic}
   size_t MaxHeapSize                              = 536870912                                 {product} {command line}
   size_t MaxMetaspaceSize                         = 402653184                                 {product} {command line}
   size_t MaxNewSize                               = 321912832                                 {product} {ergonomic}
   size_t MinHeapDeltaBytes                        = 1048576                                   {product} {ergonomic}
    uintx NonNMethodCodeHeapSize                   = 5836300                                {pd product} {ergonomic}
    uintx NonProfiledCodeHeapSize                  = 122910970                              {pd product} {ergonomic}
    uintx ProfiledCodeHeapSize                     = 122910970                              {pd product} {ergonomic}
    uintx ReservedCodeCacheSize                    = 251658240                              {pd product} {ergonomic}
     bool SegmentedCodeCache                       = true                                      {product} {ergonomic}
     bool UseCompressedClassPointers               = true                                 {lp64_product} {ergonomic}
     bool UseCompressedOops                        = true                                 {lp64_product} {ergonomic}
     bool UseG1GC                                  = true                                      {product} {ergonomic}
     bool UseLargePagesIndividualAllocation        = false                                  {pd product} {ergonomic}

Logging:
Log output configuration:
 #0: stdout all=warning uptime,level,tags
 #1: stderr all=off uptime,level,tags

Environment Variables:
JAVA_HOME=C:\Users\danie\Desktop\andr\jdk11.0.22_7
CLASSPATH=C:\Users\danie\Desktop\andr\kobweb-0.9.13\bin\..\lib\kobweb-0.9.13-all.jar
PATH=C:\Python311\Scripts\;C:\Python311\;C:\Program Files\Common Files\Oracle\Java\javapath;C:\Program Files (x86)\Common Files\Oracle\Java\javapath;C:\Windows\system32;C:\Windows;C:\Windows\System32\Wbem;C:\Windows\System32\WindowsPowerShell\v1.0\;C:\Windows\System32\OpenSSH\;C:\Program Files (x86)\NVIDIA Corporation\PhysX\Common;C:\Program Files\NVIDIA Corporation\NVIDIA NvDLISR;C:\WINDOWS\system32;C:\WINDOWS;C:\WINDOWS\System32\Wbem;C:\WINDOWS\System32\WindowsPowerShell\v1.0\;C:\WINDOWS\System32\OpenSSH\;C:\Program Files (x86)\dotnet\;C:\Program Files\Git\cmd;C:\Program Files\nodejs\;C:\ProgramData\chocolatey\bin;C:\Program Files\dotnet\;C:\Program Files\MongoDB\Server\6.0\bin;C:\Users\danie\Desktop\andr\kobweb-0.9.13\bin;C:\Users\danie\AppData\Local\Microsoft\WindowsApps;;C:\Users\danie\AppData\Local\Programs\Microsoft VS Code\bin;C:\Users\danie\AppData\Roaming\npm
USERNAME=danie
OS=Windows_NT
PROCESSOR_IDENTIFIER=AMD64 Family 25 Model 80 Stepping 0, AuthenticAMD
TMP=C:\Users\danie\AppData\Local\Temp
TEMP=C:\Users\danie\AppData\Local\Temp



---------------  S Y S T E M  ---------------

OS: Windows 10 , 64 bit Build 19041 (10.0.19041.3636)
OS uptime: 1 days 21:04 hours
Hyper-V role detected

CPU:total 12 (initial active 12) (12 cores per cpu, 2 threads per core) family 25 model 80 stepping 0 microcode 0x0, cmov, cx8, fxsr, mmx, sse, sse2, sse3, ssse3, sse4.1, sse4.2, popcnt, avx, avx2, aes, clmul, erms, mmxext, 3dnowpref, lzcnt, sse4a, ht, tsc, tscinvbit, tscinv, bmi1, bmi2, adx, sha, fma

Memory: 4k page, system-wide physical 14188M (502M free)
TotalPageFile size 57196M (AvailPageFile size 5M)
current process WorkingSet (physical memory assigned to process): 278M, peak: 278M
current process commit charge ("private bytes"): 455M, peak: 455M

vm_info: OpenJDK 64-Bit Server VM (11.0.22+7-LTS) for windows-amd64 JRE (11.0.22+7-LTS), built on Jan 10 2024 19:54:00 by "Administrator" with MS VC++ 16.10 / 16.11 (VS2019)

END.
